2020-08-15 05:22:04,554 INFO [main] a.c.t.a.AlcoMeasure [Input.kt:28] Input gotten: Rfid(facilityCode=15, cardNumber=9193)
2020-08-15 05:22:04,605 INFO [main] a.c.t.a.AlcoMeasure [AlcoMeasure.kt:36] Display message:Unrecognised RFID card.:
2020-08-15 05:22:28,295 INFO [main] a.c.t.a.AlcoMeasure [Input.kt:28] Input gotten: Rfid(facilityCode=15, cardNumber=9193)
2020-08-15 05:22:28,350 INFO [main] a.c.t.a.AlcoMeasure [AlcoMeasure.kt:36] Display message:Unrecognised RFID card.:
2020-08-15 05:23:00,966 INFO [main] a.c.t.a.AlcoMeasure [Input.kt:28] Input gotten: Rfid(facilityCode=15, cardNumber=9193)
2020-08-15 05:23:01,024 INFO [main] a.c.t.a.AlcoMeasure [AlcoMeasure.kt:36] Display message:Unrecognised RFID card.:
2020-08-15 05:53:47,242 INFO [main] a.c.t.a.AlcoMeasure [Input.kt:28] Input gotten: Rfid(facilityCode=15, cardNumber=6519)
2020-08-15 05:54:03,576 INFO [main] a.c.t.a.AlcoMeasure [AlcoMeasure.kt:96] Result retrieved: Result(value=0.0, photo1Uri=null, photo2Uri=null, photo3Uri=null)
2020-08-15 05:56:46,828 INFO [main] a.c.t.a.AlcoMeasure [Input.kt:28] Input gotten: Rfid(facilityCode=15, cardNumber=9132)
2020-08-15 05:57:01,644 INFO [main] a.c.t.a.AlcoMeasure [AlcoMeasure.kt:96] Result retrieved: Result(value=0.0, photo1Uri=null, photo2Uri=null, photo3Uri=null)
2020-08-15 06:05:00,508 INFO [main] a.c.t.a.AlcoMeasure [Input.kt:28] Input gotten: Rfid(facilityCode=15, cardNumber=10928)
2020-08-15 06:05:21,411 INFO [main] a.c.t.a.AlcoMeasure [AlcoMeasure.kt:96] Result retrieved: Result(value=0.0, photo1Uri=null, photo2Uri=null, photo3Uri=null)
2020-08-15 06:06:58,330 INFO [main] a.c.t.a.AlcoMeasure [Input.kt:28] Input gotten: Rfid(facilityCode=15, cardNumber=7267)
2020-08-15 06:07:16,161 INFO [main] a.c.t.a.AlcoMeasure [AlcoMeasure.kt:78] Test not successful:Blow Stopped:
2020-08-15 06:07:25,191 INFO [main] a.c.t.a.AlcoMeasure [Input.kt:28] Input gotten: Rfid(facilityCode=15, cardNumber=7267)
2020-08-15 06:07:41,526 INFO [main] a.c.t.a.AlcoMeasure [AlcoMeasure.kt:96] Result retrieved: Result(value=0.0, photo1Uri=null, photo2Uri=null, photo3Uri=null)
2020-08-15 06:14:18,944 INFO [main] a.c.t.a.AlcoMeasure [Input.kt:28] Input gotten: Rfid(facilityCode=15, cardNumber=11640)
2020-08-15 06:14:31,192 INFO [main] a.c.t.a.AlcoMeasure [AlcoMeasure.kt:78] Test not successful:Blow Stopped:
2020-08-15 06:14:36,310 INFO [main] a.c.t.a.AlcoMeasure [Input.kt:28] Input gotten: Rfid(facilityCode=15, cardNumber=11640)
2020-08-15 06:14:48,575 INFO [main] a.c.t.a.AlcoMeasure [AlcoMeasure.kt:96] Result retrieved: Result(value=0.0, photo1Uri=null, photo2Uri=null, photo3Uri=null)
2020-08-15 07:55:01,685 INFO [main] a.c.t.a.AlcoMeasure [Input.kt:28] Input gotten: Rfid(facilityCode=15, cardNumber=10975)
2020-08-15 07:55:18,522 INFO [main] a.c.t.a.AlcoMeasure [AlcoMeasure.kt:96] Result retrieved: Result(value=0.0, photo1Uri=null, photo2Uri=null, photo3Uri=null)
2020-08-15 11:29:08,603 INFO [main] a.c.t.a.AlcoMeasure [Input.kt:28] Input gotten: Rfid(facilityCode=15, cardNumber=10878)
2020-08-15 11:29:20,347 INFO [main] a.c.t.a.AlcoMeasure [AlcoMeasure.kt:96] Result retrieved: Result(value=0.0, photo1Uri=null, photo2Uri=null, photo3Uri=null)
2020-08-15 12:53:29,947 INFO [main] a.c.t.a.AlcoMeasure [application.kt:8] TouchSafe 2 AlcoMeasure Integration: STARTED
2020-08-15 12:53:30,558 INFO [main] a.c.t.a.AlcoMeasure [application.kt:9] Connected keyboards: [65597:\\?\HID#VID_076B&PID_5428&MI_00#7&2f84c138&0&0000#{884b96c3-56ef-11d1-bc8c-00a0c91405dd}]
