2020-07-31 03:57:26,668 INFO [main] a.c.t.a.AlcoMeasure [Input.kt:28] Input gotten: Rfid(facilityCode=15, cardNumber=10773)
2020-07-31 03:57:52,067 INFO [main] a.c.t.a.AlcoMeasure [AlcoMeasure.kt:95] Result retrieved: Result(value=0.0, photo1Uri=null, photo2Uri=null, photo3Uri=null)
2020-07-31 05:46:11,530 INFO [main] a.c.t.a.AlcoMeasure [Input.kt:28] Input gotten: Rfid(facilityCode=15, cardNumber=2484)
2020-07-31 05:46:36,929 INFO [main] a.c.t.a.AlcoMeasure [AlcoMeasure.kt:95] Result retrieved: Result(value=0.0, photo1Uri=null, photo2Uri=null, photo3Uri=null)
2020-07-31 05:55:45,064 INFO [main] a.c.t.a.AlcoMeasure [Input.kt:28] Input gotten: Rfid(facilityCode=15, cardNumber=7145)
2020-07-31 05:56:00,859 INFO [main] a.c.t.a.AlcoMeasure [AlcoMeasure.kt:77] Test not successful:Blow Stopped:
2020-07-31 05:56:12,598 INFO [main] a.c.t.a.AlcoMeasure [Input.kt:28] Input gotten: Rfid(facilityCode=15, cardNumber=7145)
2020-07-31 05:56:26,863 INFO [main] a.c.t.a.AlcoMeasure [AlcoMeasure.kt:95] Result retrieved: Result(value=0.0, photo1Uri=null, photo2Uri=null, photo3Uri=null)
2020-07-31 06:00:31,665 INFO [main] a.c.t.a.AlcoMeasure [Input.kt:28] Input gotten: Rfid(facilityCode=15, cardNumber=10928)
2020-07-31 06:00:53,000 INFO [main] a.c.t.a.AlcoMeasure [AlcoMeasure.kt:95] Result retrieved: Result(value=0.0, photo1Uri=null, photo2Uri=null, photo3Uri=null)
2020-07-31 06:02:33,536 INFO [main] a.c.t.a.AlcoMeasure [Input.kt:28] Input gotten: Rfid(facilityCode=15, cardNumber=7788)
2020-07-31 06:03:00,954 INFO [main] a.c.t.a.AlcoMeasure [AlcoMeasure.kt:95] Result retrieved: Result(value=0.0, photo1Uri=null, photo2Uri=null, photo3Uri=null)
2020-07-31 06:03:47,309 INFO [main] a.c.t.a.AlcoMeasure [Input.kt:28] Input gotten: Rfid(facilityCode=15, cardNumber=11414)
2020-07-31 06:04:27,907 INFO [main] a.c.t.a.AlcoMeasure [AlcoMeasure.kt:95] Result retrieved: Result(value=0.0, photo1Uri=null, photo2Uri=null, photo3Uri=null)
2020-07-31 06:11:07,041 INFO [main] a.c.t.a.AlcoMeasure [Input.kt:28] Input gotten: Rfid(facilityCode=15, cardNumber=10904)
2020-07-31 06:11:28,934 INFO [main] a.c.t.a.AlcoMeasure [AlcoMeasure.kt:95] Result retrieved: Result(value=0.0, photo1Uri=null, photo2Uri=null, photo3Uri=null)
2020-07-31 06:11:47,299 INFO [main] a.c.t.a.AlcoMeasure [Input.kt:28] Input gotten: Rfid(facilityCode=15, cardNumber=6519)
2020-07-31 06:12:10,636 INFO [main] a.c.t.a.AlcoMeasure [AlcoMeasure.kt:77] Test not successful:Blow Stopped:
2020-07-31 06:12:37,525 INFO [main] a.c.t.a.AlcoMeasure [Input.kt:28] Input gotten: Rfid(facilityCode=15, cardNumber=6519)
2020-07-31 06:12:51,775 INFO [main] a.c.t.a.AlcoMeasure [AlcoMeasure.kt:95] Result retrieved: Result(value=0.0, photo1Uri=null, photo2Uri=null, photo3Uri=null)
2020-07-31 06:19:20,645 INFO [main] a.c.t.a.AlcoMeasure [Input.kt:28] Input gotten: Rfid(facilityCode=15, cardNumber=11547)
2020-07-31 06:19:42,995 INFO [main] a.c.t.a.AlcoMeasure [AlcoMeasure.kt:95] Result retrieved: Result(value=0.0, photo1Uri=null, photo2Uri=null, photo3Uri=null)
2020-07-31 06:19:53,833 INFO [main] a.c.t.a.AlcoMeasure [Input.kt:28] Input gotten: Rfid(facilityCode=15, cardNumber=7001)
2020-07-31 06:20:21,778 INFO [main] a.c.t.a.AlcoMeasure [AlcoMeasure.kt:95] Result retrieved: Result(value=0.0, photo1Uri=null, photo2Uri=null, photo3Uri=null)
2020-07-31 06:49:15,625 INFO [main] a.c.t.a.AlcoMeasure [Input.kt:28] Input gotten: Rfid(facilityCode=15, cardNumber=10905)
2020-07-31 06:49:35,960 INFO [main] a.c.t.a.AlcoMeasure [AlcoMeasure.kt:95] Result retrieved: Result(value=0.0, photo1Uri=null, photo2Uri=null, photo3Uri=null)
2020-07-31 06:51:23,933 INFO [main] a.c.t.a.AlcoMeasure [Input.kt:28] Input gotten: Rfid(facilityCode=15, cardNumber=11105)
2020-07-31 06:51:39,704 INFO [main] a.c.t.a.AlcoMeasure [AlcoMeasure.kt:95] Result retrieved: Result(value=0.0, photo1Uri=null, photo2Uri=null, photo3Uri=null)
2020-07-31 07:07:02,279 INFO [main] a.c.t.a.AlcoMeasure [Input.kt:28] Input gotten: Rfid(facilityCode=15, cardNumber=6717)
2020-07-31 07:07:18,055 INFO [main] a.c.t.a.AlcoMeasure [AlcoMeasure.kt:95] Result retrieved: Result(value=0.0, photo1Uri=null, photo2Uri=null, photo3Uri=null)
2020-07-31 07:45:06,934 INFO [main] a.c.t.a.AlcoMeasure [Input.kt:28] Input gotten: Rfid(facilityCode=15, cardNumber=10986)
2020-07-31 07:45:44,984 INFO [main] a.c.t.a.AlcoMeasure [AlcoMeasure.kt:95] Result retrieved: Result(value=0.0, photo1Uri=null, photo2Uri=null, photo3Uri=null)
2020-07-31 07:52:30,134 INFO [main] a.c.t.a.AlcoMeasure [Input.kt:28] Input gotten: Rfid(facilityCode=15, cardNumber=10067)
2020-07-31 07:52:55,014 INFO [main] a.c.t.a.AlcoMeasure [AlcoMeasure.kt:95] Result retrieved: Result(value=0.0, photo1Uri=null, photo2Uri=null, photo3Uri=null)
2020-07-31 07:53:46,385 INFO [main] a.c.t.a.AlcoMeasure [Input.kt:28] Input gotten: Rfid(facilityCode=15, cardNumber=10065)
2020-07-31 07:54:03,698 INFO [main] a.c.t.a.AlcoMeasure [AlcoMeasure.kt:95] Result retrieved: Result(value=0.0, photo1Uri=null, photo2Uri=null, photo3Uri=null)
2020-07-31 07:55:50,750 INFO [main] a.c.t.a.AlcoMeasure [Input.kt:28] Input gotten: Rfid(facilityCode=15, cardNumber=11403)
2020-07-31 07:56:05,010 INFO [main] a.c.t.a.AlcoMeasure [AlcoMeasure.kt:95] Result retrieved: Result(value=0.0, photo1Uri=null, photo2Uri=null, photo3Uri=null)
2020-07-31 08:19:41,698 INFO [main] a.c.t.a.AlcoMeasure [Input.kt:28] Input gotten: Rfid(facilityCode=15, cardNumber=11433)
2020-07-31 08:19:54,937 INFO [main] a.c.t.a.AlcoMeasure [AlcoMeasure.kt:95] Result retrieved: Result(value=0.0, photo1Uri=null, photo2Uri=null, photo3Uri=null)
2020-07-31 08:57:43,946 INFO [main] a.c.t.a.AlcoMeasure [Input.kt:28] Input gotten: Rfid(facilityCode=15, cardNumber=11082)
2020-07-31 08:58:09,846 INFO [main] a.c.t.a.AlcoMeasure [AlcoMeasure.kt:95] Result retrieved: Result(value=0.0, photo1Uri=null, photo2Uri=null, photo3Uri=null)
2020-07-31 11:01:45,420 INFO [main] a.c.t.a.AlcoMeasure [Input.kt:28] Input gotten: Rfid(facilityCode=15, cardNumber=10878)
2020-07-31 11:01:59,989 ERROR [main] a.c.t.a.AlcoMeasure [application.kt:32] An unexpected error occurred:
com.microsoft.sqlserver.jdbc.SQLServerException: The TCP/IP connection to the host 192.168.14.230, port 1433 has failed. Error: "Network is unreachable: connect. Verify the connection properties. Make sure that an instance of SQL Server is running on the host and accepting TCP/IP connections at the port. Make sure that TCP connections to the port are not blocked by a firewall.".
	at com.microsoft.sqlserver.jdbc.SQLServerException.makeFromDriverError(SQLServerException.java:234)
	at com.microsoft.sqlserver.jdbc.SQLServerException.ConvertConnectExceptionToSQLServerException(SQLServerException.java:285)
	at com.microsoft.sqlserver.jdbc.SocketFinder.findSocket(IOBuffer.java:2431)
	at com.microsoft.sqlserver.jdbc.TDSChannel.open(IOBuffer.java:656)
	at com.microsoft.sqlserver.jdbc.SQLServerConnection.connectHelper(SQLServerConnection.java:2472)
	at com.microsoft.sqlserver.jdbc.SQLServerConnection.login(SQLServerConnection.java:2142)
	at com.microsoft.sqlserver.jdbc.SQLServerConnection.connectInternal(SQLServerConnection.java:1993)
	at com.microsoft.sqlserver.jdbc.SQLServerConnection.connect(SQLServerConnection.java:1164)
	at com.microsoft.sqlserver.jdbc.SQLServerDriver.connect(SQLServerDriver.java:760)
	at java.sql/java.sql.DriverManager.getConnection(DriverManager.java:677)
	at java.sql/java.sql.DriverManager.getConnection(DriverManager.java:251)
	at au.com.touchsafe.alcomeasure.ApplicationKt.main(application.kt:15)
	at au.com.touchsafe.alcomeasure.ApplicationKt.main(application.kt)
2020-07-31 11:02:01,796 INFO [main] a.c.t.a.AlcoMeasure [Input.kt:28] Input gotten: Rfid(facilityCode=15, cardNumber=10878)
2020-07-31 11:02:16,329 ERROR [main] a.c.t.a.AlcoMeasure [application.kt:32] An unexpected error occurred:
com.microsoft.sqlserver.jdbc.SQLServerException: The TCP/IP connection to the host 192.168.14.230, port 1433 has failed. Error: "Network is unreachable: connect. Verify the connection properties. Make sure that an instance of SQL Server is running on the host and accepting TCP/IP connections at the port. Make sure that TCP connections to the port are not blocked by a firewall.".
	at com.microsoft.sqlserver.jdbc.SQLServerException.makeFromDriverError(SQLServerException.java:234)
	at com.microsoft.sqlserver.jdbc.SQLServerException.ConvertConnectExceptionToSQLServerException(SQLServerException.java:285)
	at com.microsoft.sqlserver.jdbc.SocketFinder.findSocket(IOBuffer.java:2431)
	at com.microsoft.sqlserver.jdbc.TDSChannel.open(IOBuffer.java:656)
	at com.microsoft.sqlserver.jdbc.SQLServerConnection.connectHelper(SQLServerConnection.java:2472)
	at com.microsoft.sqlserver.jdbc.SQLServerConnection.login(SQLServerConnection.java:2142)
	at com.microsoft.sqlserver.jdbc.SQLServerConnection.connectInternal(SQLServerConnection.java:1993)
	at com.microsoft.sqlserver.jdbc.SQLServerConnection.connect(SQLServerConnection.java:1164)
	at com.microsoft.sqlserver.jdbc.SQLServerDriver.connect(SQLServerDriver.java:760)
	at java.sql/java.sql.DriverManager.getConnection(DriverManager.java:677)
	at java.sql/java.sql.DriverManager.getConnection(DriverManager.java:251)
	at au.com.touchsafe.alcomeasure.ApplicationKt.main(application.kt:15)
	at au.com.touchsafe.alcomeasure.ApplicationKt.main(application.kt)
2020-07-31 11:18:01,093 INFO [main] a.c.t.a.AlcoMeasure [Input.kt:28] Input gotten: Rfid(facilityCode=15, cardNumber=10533)
2020-07-31 11:18:15,626 ERROR [main] a.c.t.a.AlcoMeasure [application.kt:32] An unexpected error occurred:
com.microsoft.sqlserver.jdbc.SQLServerException: The TCP/IP connection to the host 192.168.14.230, port 1433 has failed. Error: "Network is unreachable: connect. Verify the connection properties. Make sure that an instance of SQL Server is running on the host and accepting TCP/IP connections at the port. Make sure that TCP connections to the port are not blocked by a firewall.".
	at com.microsoft.sqlserver.jdbc.SQLServerException.makeFromDriverError(SQLServerException.java:234)
	at com.microsoft.sqlserver.jdbc.SQLServerException.ConvertConnectExceptionToSQLServerException(SQLServerException.java:285)
	at com.microsoft.sqlserver.jdbc.SocketFinder.findSocket(IOBuffer.java:2431)
	at com.microsoft.sqlserver.jdbc.TDSChannel.open(IOBuffer.java:656)
	at com.microsoft.sqlserver.jdbc.SQLServerConnection.connectHelper(SQLServerConnection.java:2472)
	at com.microsoft.sqlserver.jdbc.SQLServerConnection.login(SQLServerConnection.java:2142)
	at com.microsoft.sqlserver.jdbc.SQLServerConnection.connectInternal(SQLServerConnection.java:1993)
	at com.microsoft.sqlserver.jdbc.SQLServerConnection.connect(SQLServerConnection.java:1164)
	at com.microsoft.sqlserver.jdbc.SQLServerDriver.connect(SQLServerDriver.java:760)
	at java.sql/java.sql.DriverManager.getConnection(DriverManager.java:677)
	at java.sql/java.sql.DriverManager.getConnection(DriverManager.java:251)
	at au.com.touchsafe.alcomeasure.ApplicationKt.main(application.kt:15)
	at au.com.touchsafe.alcomeasure.ApplicationKt.main(application.kt)
2020-07-31 11:18:18,336 INFO [main] a.c.t.a.AlcoMeasure [Input.kt:28] Input gotten: Rfid(facilityCode=15, cardNumber=10533)
2020-07-31 11:18:32,865 ERROR [main] a.c.t.a.AlcoMeasure [application.kt:32] An unexpected error occurred:
com.microsoft.sqlserver.jdbc.SQLServerException: The TCP/IP connection to the host 192.168.14.230, port 1433 has failed. Error: "Network is unreachable: connect. Verify the connection properties. Make sure that an instance of SQL Server is running on the host and accepting TCP/IP connections at the port. Make sure that TCP connections to the port are not blocked by a firewall.".
	at com.microsoft.sqlserver.jdbc.SQLServerException.makeFromDriverError(SQLServerException.java:234)
	at com.microsoft.sqlserver.jdbc.SQLServerException.ConvertConnectExceptionToSQLServerException(SQLServerException.java:285)
	at com.microsoft.sqlserver.jdbc.SocketFinder.findSocket(IOBuffer.java:2431)
	at com.microsoft.sqlserver.jdbc.TDSChannel.open(IOBuffer.java:656)
	at com.microsoft.sqlserver.jdbc.SQLServerConnection.connectHelper(SQLServerConnection.java:2472)
	at com.microsoft.sqlserver.jdbc.SQLServerConnection.login(SQLServerConnection.java:2142)
	at com.microsoft.sqlserver.jdbc.SQLServerConnection.connectInternal(SQLServerConnection.java:1993)
	at com.microsoft.sqlserver.jdbc.SQLServerConnection.connect(SQLServerConnection.java:1164)
	at com.microsoft.sqlserver.jdbc.SQLServerDriver.connect(SQLServerDriver.java:760)
	at java.sql/java.sql.DriverManager.getConnection(DriverManager.java:677)
	at java.sql/java.sql.DriverManager.getConnection(DriverManager.java:251)
	at au.com.touchsafe.alcomeasure.ApplicationKt.main(application.kt:15)
	at au.com.touchsafe.alcomeasure.ApplicationKt.main(application.kt)
2020-07-31 12:29:32,366 INFO [main] a.c.t.a.AlcoMeasure [Input.kt:28] Input gotten: Rfid(facilityCode=15, cardNumber=10986)
2020-07-31 12:29:47,371 ERROR [main] a.c.t.a.AlcoMeasure [application.kt:32] An unexpected error occurred:
com.microsoft.sqlserver.jdbc.SQLServerException: The TCP/IP connection to the host 192.168.14.230, port 1433 has failed. Error: "connect timed out. Verify the connection properties. Make sure that an instance of SQL Server is running on the host and accepting TCP/IP connections at the port. Make sure that TCP connections to the port are not blocked by a firewall.".
	at com.microsoft.sqlserver.jdbc.SQLServerException.makeFromDriverError(SQLServerException.java:234)
	at com.microsoft.sqlserver.jdbc.SQLServerException.ConvertConnectExceptionToSQLServerException(SQLServerException.java:285)
	at com.microsoft.sqlserver.jdbc.SocketFinder.findSocket(IOBuffer.java:2431)
	at com.microsoft.sqlserver.jdbc.TDSChannel.open(IOBuffer.java:656)
	at com.microsoft.sqlserver.jdbc.SQLServerConnection.connectHelper(SQLServerConnection.java:2472)
	at com.microsoft.sqlserver.jdbc.SQLServerConnection.login(SQLServerConnection.java:2142)
	at com.microsoft.sqlserver.jdbc.SQLServerConnection.connectInternal(SQLServerConnection.java:1993)
	at com.microsoft.sqlserver.jdbc.SQLServerConnection.connect(SQLServerConnection.java:1164)
	at com.microsoft.sqlserver.jdbc.SQLServerDriver.connect(SQLServerDriver.java:760)
	at java.sql/java.sql.DriverManager.getConnection(DriverManager.java:677)
	at java.sql/java.sql.DriverManager.getConnection(DriverManager.java:251)
	at au.com.touchsafe.alcomeasure.ApplicationKt.main(application.kt:15)
	at au.com.touchsafe.alcomeasure.ApplicationKt.main(application.kt)
2020-07-31 12:29:53,900 INFO [main] a.c.t.a.AlcoMeasure [Input.kt:28] Input gotten: Rfid(facilityCode=15, cardNumber=10986)
2020-07-31 12:30:08,905 ERROR [main] a.c.t.a.AlcoMeasure [application.kt:32] An unexpected error occurred:
com.microsoft.sqlserver.jdbc.SQLServerException: The TCP/IP connection to the host 192.168.14.230, port 1433 has failed. Error: "connect timed out. Verify the connection properties. Make sure that an instance of SQL Server is running on the host and accepting TCP/IP connections at the port. Make sure that TCP connections to the port are not blocked by a firewall.".
	at com.microsoft.sqlserver.jdbc.SQLServerException.makeFromDriverError(SQLServerException.java:234)
	at com.microsoft.sqlserver.jdbc.SQLServerException.ConvertConnectExceptionToSQLServerException(SQLServerException.java:285)
	at com.microsoft.sqlserver.jdbc.SocketFinder.findSocket(IOBuffer.java:2431)
	at com.microsoft.sqlserver.jdbc.TDSChannel.open(IOBuffer.java:656)
	at com.microsoft.sqlserver.jdbc.SQLServerConnection.connectHelper(SQLServerConnection.java:2472)
	at com.microsoft.sqlserver.jdbc.SQLServerConnection.login(SQLServerConnection.java:2142)
	at com.microsoft.sqlserver.jdbc.SQLServerConnection.connectInternal(SQLServerConnection.java:1993)
	at com.microsoft.sqlserver.jdbc.SQLServerConnection.connect(SQLServerConnection.java:1164)
	at com.microsoft.sqlserver.jdbc.SQLServerDriver.connect(SQLServerDriver.java:760)
	at java.sql/java.sql.DriverManager.getConnection(DriverManager.java:677)
	at java.sql/java.sql.DriverManager.getConnection(DriverManager.java:251)
	at au.com.touchsafe.alcomeasure.ApplicationKt.main(application.kt:15)
	at au.com.touchsafe.alcomeasure.ApplicationKt.main(application.kt)
2020-07-31 15:23:12,506 ERROR [main] a.c.t.a.AlcoMeasure [application.kt:32] An unexpected error occurred:
java.lang.NumberFormatException: For input string: "vgmail.com"
	at java.base/java.lang.NumberFormatException.forInputString(NumberFormatException.java:65)
	at java.base/java.lang.Integer.parseInt(Integer.java:652)
	at java.base/java.lang.Integer.parseInt(Integer.java:770)
	at au.com.touchsafe.alcomeasure.Input.getId(Input.kt:27)
	at au.com.touchsafe.alcomeasure.ApplicationKt.main(application.kt:14)
	at au.com.touchsafe.alcomeasure.ApplicationKt.main(application.kt)
2020-07-31 15:23:42,132 ERROR [main] a.c.t.a.AlcoMeasure [application.kt:32] An unexpected error occurred:
java.lang.NumberFormatException: For input string: "andrew2bullas.comadndrew2interactiveidisplays.net"
	at java.base/java.lang.NumberFormatException.forInputString(NumberFormatException.java:65)
	at java.base/java.lang.Integer.parseInt(Integer.java:652)
	at java.base/java.lang.Integer.parseInt(Integer.java:770)
	at au.com.touchsafe.alcomeasure.Input.getId(Input.kt:27)
	at au.com.touchsafe.alcomeasure.ApplicationKt.main(application.kt:14)
	at au.com.touchsafe.alcomeasure.ApplicationKt.main(application.kt)
2020-07-31 15:24:11,833 ERROR [main] a.c.t.a.AlcoMeasure [application.kt:32] An unexpected error occurred:
java.lang.NumberFormatException: For input string: "iind4994"
	at java.base/java.lang.NumberFormatException.forInputString(NumberFormatException.java:65)
	at java.base/java.lang.Integer.parseInt(Integer.java:652)
	at java.base/java.lang.Integer.parseInt(Integer.java:770)
	at au.com.touchsafe.alcomeasure.Input.getId(Input.kt:27)
	at au.com.touchsafe.alcomeasure.ApplicationKt.main(application.kt:14)
	at au.com.touchsafe.alcomeasure.ApplicationKt.main(application.kt)
2020-07-31 15:25:38,973 ERROR [main] a.c.t.a.AlcoMeasure [application.kt:32] An unexpected error occurred:
java.lang.NumberFormatException: For input string: "771902cc"
	at java.base/java.lang.NumberFormatException.forInputString(NumberFormatException.java:65)
	at java.base/java.lang.Integer.parseInt(Integer.java:652)
	at java.base/java.lang.Integer.parseInt(Integer.java:770)
	at au.com.touchsafe.alcomeasure.Input.getId(Input.kt:27)
	at au.com.touchsafe.alcomeasure.ApplicationKt.main(application.kt:14)
	at au.com.touchsafe.alcomeasure.ApplicationKt.main(application.kt)
