2020-07-29 03:51:02,028 INFO [main] a.c.t.a.AlcoMeasure [Input.kt:28] Input gotten: Rfid(facilityCode=15, cardNumber=10773)
2020-07-29 03:51:29,460 INFO [main] a.c.t.a.AlcoMeasure [AlcoMeasure.kt:95] Result retrieved: Result(value=0.0, photo1Uri=null, photo2Uri=null, photo3Uri=null)
2020-07-29 05:26:53,648 INFO [main] a.c.t.a.AlcoMeasure [Input.kt:28] Input gotten: Rfid(facilityCode=15, cardNumber=11437)
2020-07-29 05:27:19,081 INFO [main] a.c.t.a.AlcoMeasure [AlcoMeasure.kt:95] Result retrieved: Result(value=0.0, photo1Uri=null, photo2Uri=null, photo3Uri=null)
2020-07-29 05:37:32,501 INFO [main] a.c.t.a.AlcoMeasure [Input.kt:28] Input gotten: Rfid(facilityCode=15, cardNumber=2484)
2020-07-29 05:37:51,842 INFO [main] a.c.t.a.AlcoMeasure [AlcoMeasure.kt:95] Result retrieved: Result(value=0.0, photo1Uri=null, photo2Uri=null, photo3Uri=null)
2020-07-29 05:49:42,761 INFO [main] a.c.t.a.AlcoMeasure [Input.kt:28] Input gotten: Rfid(facilityCode=15, cardNumber=10610)
2020-07-29 05:50:21,850 INFO [main] a.c.t.a.AlcoMeasure [AlcoMeasure.kt:95] Result retrieved: Result(value=0.0, photo1Uri=null, photo2Uri=null, photo3Uri=null)
2020-07-29 05:50:36,100 INFO [main] a.c.t.a.AlcoMeasure [Input.kt:28] Input gotten: Rfid(facilityCode=15, cardNumber=5320)
2020-07-29 05:50:51,890 INFO [main] a.c.t.a.AlcoMeasure [AlcoMeasure.kt:95] Result retrieved: Result(value=0.0, photo1Uri=null, photo2Uri=null, photo3Uri=null)
2020-07-29 05:55:12,848 INFO [main] a.c.t.a.AlcoMeasure [Input.kt:28] Input gotten: Rfid(facilityCode=15, cardNumber=7788)
2020-07-29 05:55:36,228 INFO [main] a.c.t.a.AlcoMeasure [AlcoMeasure.kt:95] Result retrieved: Result(value=0.0, photo1Uri=null, photo2Uri=null, photo3Uri=null)
2020-07-29 05:55:52,591 INFO [main] a.c.t.a.AlcoMeasure [Input.kt:28] Input gotten: Rfid(facilityCode=15, cardNumber=10897)
2020-07-29 05:56:04,836 INFO [main] a.c.t.a.AlcoMeasure [AlcoMeasure.kt:95] Result retrieved: Result(value=0.0, photo1Uri=null, photo2Uri=null, photo3Uri=null)
2020-07-29 06:00:22,493 INFO [main] a.c.t.a.AlcoMeasure [Input.kt:28] Input gotten: Rfid(facilityCode=15, cardNumber=7028)
2020-07-29 06:00:36,772 INFO [main] a.c.t.a.AlcoMeasure [AlcoMeasure.kt:95] Result retrieved: Result(value=0.0, photo1Uri=null, photo2Uri=null, photo3Uri=null)
2020-07-29 06:12:38,457 INFO [main] a.c.t.a.AlcoMeasure [Input.kt:28] Input gotten: Rfid(facilityCode=15, cardNumber=7001)
2020-07-29 06:12:53,711 INFO [main] a.c.t.a.AlcoMeasure [AlcoMeasure.kt:77] Test not successful:Blow Stopped:
2020-07-29 06:13:03,745 INFO [main] a.c.t.a.AlcoMeasure [Input.kt:28] Input gotten: Rfid(facilityCode=15, cardNumber=7001)
2020-07-29 06:13:26,138 INFO [main] a.c.t.a.AlcoMeasure [AlcoMeasure.kt:95] Result retrieved: Result(value=3.181818181818182E-7, photo1Uri=null, photo2Uri=null, photo3Uri=null)
2020-07-29 06:20:53,523 INFO [main] a.c.t.a.AlcoMeasure [Input.kt:28] Input gotten: Rfid(facilityCode=15, cardNumber=7001)
2020-07-29 06:21:11,859 INFO [main] a.c.t.a.AlcoMeasure [AlcoMeasure.kt:95] Result retrieved: Result(value=0.0, photo1Uri=null, photo2Uri=null, photo3Uri=null)
2020-07-29 06:23:04,639 INFO [main] a.c.t.a.AlcoMeasure [Input.kt:28] Input gotten: Rfid(facilityCode=15, cardNumber=10652)
2020-07-29 06:23:20,968 INFO [main] a.c.t.a.AlcoMeasure [AlcoMeasure.kt:95] Result retrieved: Result(value=0.0, photo1Uri=null, photo2Uri=null, photo3Uri=null)
2020-07-29 06:23:26,391 INFO [main] a.c.t.a.AlcoMeasure [Input.kt:28] Input gotten: Rfid(facilityCode=15, cardNumber=11640)
2020-07-29 06:23:50,294 INFO [main] a.c.t.a.AlcoMeasure [AlcoMeasure.kt:77] Test not successful:Blow Stopped:
2020-07-29 06:23:55,713 INFO [main] a.c.t.a.AlcoMeasure [Input.kt:28] Input gotten: Rfid(facilityCode=15, cardNumber=11640)
2020-07-29 06:24:10,996 INFO [main] a.c.t.a.AlcoMeasure [AlcoMeasure.kt:95] Result retrieved: Result(value=0.0, photo1Uri=null, photo2Uri=null, photo3Uri=null)
2020-07-29 06:24:15,614 INFO [main] a.c.t.a.AlcoMeasure [Input.kt:28] Input gotten: Rfid(facilityCode=15, cardNumber=9494)
2020-07-29 06:24:30,899 INFO [main] a.c.t.a.AlcoMeasure [AlcoMeasure.kt:95] Result retrieved: Result(value=0.0, photo1Uri=null, photo2Uri=null, photo3Uri=null)
2020-07-29 06:24:32,710 INFO [main] a.c.t.a.AlcoMeasure [Input.kt:28] Input gotten: Rfid(facilityCode=15, cardNumber=10036)
2020-07-29 06:24:56,103 INFO [main] a.c.t.a.AlcoMeasure [AlcoMeasure.kt:95] Result retrieved: Result(value=0.0, photo1Uri=null, photo2Uri=null, photo3Uri=null)
2020-07-29 06:27:50,098 INFO [main] a.c.t.a.AlcoMeasure [Input.kt:28] Input gotten: Rfid(facilityCode=15, cardNumber=7914)
2020-07-29 06:28:10,957 INFO [main] a.c.t.a.AlcoMeasure [AlcoMeasure.kt:95] Result retrieved: Result(value=0.0, photo1Uri=null, photo2Uri=null, photo3Uri=null)
2020-07-29 06:53:45,708 INFO [main] a.c.t.a.AlcoMeasure [Input.kt:28] Input gotten: Rfid(facilityCode=15, cardNumber=3251)
2020-07-29 06:53:58,977 INFO [main] a.c.t.a.AlcoMeasure [AlcoMeasure.kt:95] Result retrieved: Result(value=0.0, photo1Uri=null, photo2Uri=null, photo3Uri=null)
2020-07-29 06:57:19,342 INFO [main] a.c.t.a.AlcoMeasure [Input.kt:28] Input gotten: Rfid(facilityCode=15, cardNumber=6717)
2020-07-29 06:57:42,742 INFO [main] a.c.t.a.AlcoMeasure [AlcoMeasure.kt:95] Result retrieved: Result(value=0.0, photo1Uri=null, photo2Uri=null, photo3Uri=null)
2020-07-29 06:57:44,955 INFO [main] a.c.t.a.AlcoMeasure [Input.kt:28] Input gotten: Rfid(facilityCode=15, cardNumber=10379)
2020-07-29 06:58:08,843 INFO [main] a.c.t.a.AlcoMeasure [AlcoMeasure.kt:95] Result retrieved: Result(value=0.0, photo1Uri=null, photo2Uri=null, photo3Uri=null)
2020-07-29 07:05:20,655 INFO [main] a.c.t.a.AlcoMeasure [Input.kt:28] Input gotten: Rfid(facilityCode=15, cardNumber=10380)
2020-07-29 07:05:55,691 INFO [main] a.c.t.a.AlcoMeasure [AlcoMeasure.kt:95] Result retrieved: Result(value=0.0, photo1Uri=null, photo2Uri=null, photo3Uri=null)
2020-07-29 07:06:54,587 INFO [main] a.c.t.a.AlcoMeasure [Input.kt:28] Input gotten: Rfid(facilityCode=15, cardNumber=8457)
2020-07-29 07:07:19,018 INFO [main] a.c.t.a.AlcoMeasure [AlcoMeasure.kt:95] Result retrieved: Result(value=0.0, photo1Uri=null, photo2Uri=null, photo3Uri=null)
2020-07-29 07:08:55,937 INFO [main] a.c.t.a.AlcoMeasure [Input.kt:28] Input gotten: Rfid(facilityCode=15, cardNumber=9102)
2020-07-29 07:09:14,781 INFO [main] a.c.t.a.AlcoMeasure [AlcoMeasure.kt:95] Result retrieved: Result(value=0.0, photo1Uri=null, photo2Uri=null, photo3Uri=null)
2020-07-29 07:09:57,024 INFO [main] a.c.t.a.AlcoMeasure [Input.kt:28] Input gotten: Rfid(facilityCode=15, cardNumber=9022)
2020-07-29 07:10:12,798 INFO [main] a.c.t.a.AlcoMeasure [AlcoMeasure.kt:77] Test not successful:Blow Stopped:
2020-07-29 07:10:19,521 INFO [main] a.c.t.a.AlcoMeasure [Input.kt:28] Input gotten: Rfid(facilityCode=15, cardNumber=9022)
2020-07-29 07:10:31,769 INFO [main] a.c.t.a.AlcoMeasure [AlcoMeasure.kt:95] Result retrieved: Result(value=0.0, photo1Uri=null, photo2Uri=null, photo3Uri=null)
2020-07-29 07:13:39,708 INFO [main] a.c.t.a.AlcoMeasure [Input.kt:28] Input gotten: Rfid(facilityCode=15, cardNumber=10620)
2020-07-29 07:13:39,767 INFO [main] a.c.t.a.AlcoMeasure [AlcoMeasure.kt:35] Display message:Unrecognised RFID card.:
2020-07-29 07:13:41,180 INFO [main] a.c.t.a.AlcoMeasure [Input.kt:28] Input gotten: Rfid(facilityCode=15, cardNumber=10620)
2020-07-29 07:13:41,225 INFO [main] a.c.t.a.AlcoMeasure [AlcoMeasure.kt:35] Display message:Unrecognised RFID card.:
2020-07-29 07:13:48,159 INFO [main] a.c.t.a.AlcoMeasure [Input.kt:28] Input gotten: Rfid(facilityCode=15, cardNumber=10620)
2020-07-29 07:13:48,216 INFO [main] a.c.t.a.AlcoMeasure [AlcoMeasure.kt:35] Display message:Unrecognised RFID card.:
2020-07-29 07:13:50,750 INFO [main] a.c.t.a.AlcoMeasure [Input.kt:28] Input gotten: Rfid(facilityCode=15, cardNumber=10620)
2020-07-29 07:13:50,789 INFO [main] a.c.t.a.AlcoMeasure [AlcoMeasure.kt:35] Display message:Unrecognised RFID card.:
2020-07-29 07:14:47,386 INFO [main] a.c.t.a.AlcoMeasure [Input.kt:28] Input gotten: Rfid(facilityCode=15, cardNumber=11423)
2020-07-29 07:15:09,759 INFO [main] a.c.t.a.AlcoMeasure [AlcoMeasure.kt:95] Result retrieved: Result(value=0.0, photo1Uri=null, photo2Uri=null, photo3Uri=null)
2020-07-29 07:15:12,973 INFO [main] a.c.t.a.AlcoMeasure [Input.kt:28] Input gotten: Rfid(facilityCode=15, cardNumber=11425)
2020-07-29 07:15:28,754 INFO [main] a.c.t.a.AlcoMeasure [AlcoMeasure.kt:95] Result retrieved: Result(value=0.0, photo1Uri=null, photo2Uri=null, photo3Uri=null)
2020-07-29 07:15:46,716 INFO [main] a.c.t.a.AlcoMeasure [Input.kt:28] Input gotten: Rfid(facilityCode=15, cardNumber=11293)
2020-07-29 07:16:03,033 INFO [main] a.c.t.a.AlcoMeasure [AlcoMeasure.kt:95] Result retrieved: Result(value=0.0, photo1Uri=null, photo2Uri=null, photo3Uri=null)
2020-07-29 07:17:50,086 INFO [main] a.c.t.a.AlcoMeasure [Input.kt:28] Input gotten: Rfid(facilityCode=15, cardNumber=10620)
2020-07-29 07:17:50,145 INFO [main] a.c.t.a.AlcoMeasure [AlcoMeasure.kt:35] Display message:Unrecognised RFID card.:
2020-07-29 07:17:52,962 INFO [main] a.c.t.a.AlcoMeasure [Input.kt:28] Input gotten: Rfid(facilityCode=15, cardNumber=10620)
2020-07-29 07:17:53,024 INFO [main] a.c.t.a.AlcoMeasure [AlcoMeasure.kt:35] Display message:Unrecognised RFID card.:
2020-07-29 07:18:21,835 INFO [main] a.c.t.a.AlcoMeasure [Input.kt:28] Input gotten: Rfid(facilityCode=15, cardNumber=10620)
2020-07-29 07:18:21,875 INFO [main] a.c.t.a.AlcoMeasure [AlcoMeasure.kt:35] Display message:Unrecognised RFID card.:
2020-07-29 07:18:30,111 INFO [main] a.c.t.a.AlcoMeasure [Input.kt:28] Input gotten: Rfid(facilityCode=15, cardNumber=10620)
2020-07-29 07:18:30,164 INFO [main] a.c.t.a.AlcoMeasure [AlcoMeasure.kt:35] Display message:Unrecognised RFID card.:
2020-07-29 07:18:44,722 INFO [main] a.c.t.a.AlcoMeasure [Input.kt:28] Input gotten: Rfid(facilityCode=15, cardNumber=10620)
2020-07-29 07:18:44,770 INFO [main] a.c.t.a.AlcoMeasure [AlcoMeasure.kt:35] Display message:Unrecognised RFID card.:
2020-07-29 07:37:08,229 INFO [main] a.c.t.a.AlcoMeasure [Input.kt:28] Input gotten: Rfid(facilityCode=15, cardNumber=1776)
2020-07-29 07:37:43,767 INFO [main] a.c.t.a.AlcoMeasure [AlcoMeasure.kt:95] Result retrieved: Result(value=0.0, photo1Uri=null, photo2Uri=null, photo3Uri=null)
2020-07-29 07:47:24,109 INFO [main] a.c.t.a.AlcoMeasure [Input.kt:28] Input gotten: Rfid(facilityCode=15, cardNumber=11433)
2020-07-29 07:47:58,648 INFO [main] a.c.t.a.AlcoMeasure [AlcoMeasure.kt:95] Result retrieved: Result(value=0.0, photo1Uri=null, photo2Uri=null, photo3Uri=null)
2020-07-29 07:49:20,117 INFO [main] a.c.t.a.AlcoMeasure [Input.kt:28] Input gotten: Rfid(facilityCode=15, cardNumber=8552)
2020-07-29 07:49:35,920 INFO [main] a.c.t.a.AlcoMeasure [AlcoMeasure.kt:95] Result retrieved: Result(value=0.0, photo1Uri=null, photo2Uri=null, photo3Uri=null)
2020-07-29 07:49:48,363 INFO [main] a.c.t.a.AlcoMeasure [Input.kt:28] Input gotten: Rfid(facilityCode=15, cardNumber=11291)
2020-07-29 07:50:07,697 INFO [main] a.c.t.a.AlcoMeasure [AlcoMeasure.kt:95] Result retrieved: Result(value=0.0, photo1Uri=null, photo2Uri=null, photo3Uri=null)
2020-07-29 07:50:25,560 INFO [main] a.c.t.a.AlcoMeasure [Input.kt:28] Input gotten: Rfid(facilityCode=15, cardNumber=11290)
2020-07-29 07:50:39,829 INFO [main] a.c.t.a.AlcoMeasure [AlcoMeasure.kt:95] Result retrieved: Result(value=0.0, photo1Uri=null, photo2Uri=null, photo3Uri=null)
2020-07-29 07:52:58,885 INFO [main] a.c.t.a.AlcoMeasure [Input.kt:28] Input gotten: Rfid(facilityCode=15, cardNumber=9944)
2020-07-29 07:53:26,824 INFO [main] a.c.t.a.AlcoMeasure [AlcoMeasure.kt:95] Result retrieved: Result(value=0.0, photo1Uri=null, photo2Uri=null, photo3Uri=null)
2020-07-29 08:10:36,356 INFO [main] a.c.t.a.AlcoMeasure [Input.kt:28] Input gotten: Rfid(facilityCode=15, cardNumber=11289)
2020-07-29 08:10:51,115 INFO [main] a.c.t.a.AlcoMeasure [AlcoMeasure.kt:95] Result retrieved: Result(value=0.0, photo1Uri=null, photo2Uri=null, photo3Uri=null)
2020-07-29 08:19:51,119 INFO [main] a.c.t.a.AlcoMeasure [Input.kt:28] Input gotten: Rfid(facilityCode=15, cardNumber=11288)
2020-07-29 08:20:23,645 INFO [main] a.c.t.a.AlcoMeasure [AlcoMeasure.kt:95] Result retrieved: Result(value=0.0, photo1Uri=null, photo2Uri=null, photo3Uri=null)
2020-07-29 08:32:05,295 INFO [main] a.c.t.a.AlcoMeasure [Input.kt:28] Input gotten: Rfid(facilityCode=15, cardNumber=11287)
2020-07-29 08:32:20,056 INFO [main] a.c.t.a.AlcoMeasure [AlcoMeasure.kt:95] Result retrieved: Result(value=0.0, photo1Uri=null, photo2Uri=null, photo3Uri=null)
2020-07-29 08:33:55,069 INFO [main] a.c.t.a.AlcoMeasure [Input.kt:28] Input gotten: Rfid(facilityCode=15, cardNumber=11287)
2020-07-29 08:34:18,964 INFO [main] a.c.t.a.AlcoMeasure [AlcoMeasure.kt:95] Result retrieved: Result(value=0.0, photo1Uri=null, photo2Uri=null, photo3Uri=null)
2020-07-29 08:40:07,510 INFO [main] a.c.t.a.AlcoMeasure [Input.kt:28] Input gotten: Rfid(facilityCode=15, cardNumber=11286)
2020-07-29 08:40:30,886 INFO [main] a.c.t.a.AlcoMeasure [AlcoMeasure.kt:95] Result retrieved: Result(value=0.0, photo1Uri=null, photo2Uri=null, photo3Uri=null)
2020-07-29 09:41:55,515 INFO [main] a.c.t.a.AlcoMeasure [Input.kt:28] Input gotten: Rfid(facilityCode=15, cardNumber=11284)
2020-07-29 09:42:19,897 INFO [main] a.c.t.a.AlcoMeasure [AlcoMeasure.kt:95] Result retrieved: Result(value=0.0, photo1Uri=null, photo2Uri=null, photo3Uri=null)
2020-07-29 10:13:58,374 INFO [main] a.c.t.a.AlcoMeasure [Input.kt:28] Input gotten: Rfid(facilityCode=15, cardNumber=11082)
2020-07-29 10:14:29,862 INFO [main] a.c.t.a.AlcoMeasure [AlcoMeasure.kt:95] Result retrieved: Result(value=0.0, photo1Uri=null, photo2Uri=null, photo3Uri=null)
2020-07-29 10:34:24,483 INFO [main] a.c.t.a.AlcoMeasure [Input.kt:28] Input gotten: Rfid(facilityCode=15, cardNumber=11106)
2020-07-29 10:34:40,754 INFO [main] a.c.t.a.AlcoMeasure [AlcoMeasure.kt:95] Result retrieved: Result(value=0.0, photo1Uri=null, photo2Uri=null, photo3Uri=null)
2020-07-29 11:04:19,283 INFO [main] a.c.t.a.AlcoMeasure [Input.kt:28] Input gotten: Rfid(facilityCode=15, cardNumber=11283)
2020-07-29 11:04:40,628 INFO [main] a.c.t.a.AlcoMeasure [AlcoMeasure.kt:95] Result retrieved: Result(value=0.0, photo1Uri=null, photo2Uri=null, photo3Uri=null)
2020-07-29 14:11:17,764 INFO [main] a.c.t.a.AlcoMeasure [Input.kt:28] Input gotten: Rfid(facilityCode=15, cardNumber=10533)
2020-07-29 14:11:40,628 INFO [main] a.c.t.a.AlcoMeasure [AlcoMeasure.kt:95] Result retrieved: Result(value=0.0, photo1Uri=null, photo2Uri=null, photo3Uri=null)
