2020-08-31 03:48:53,658 INFO [main] a.c.t.a.AlcoMeasure [Input.kt:28] Input gotten: Rfid(facilityCode=15, cardNumber=10773)
2020-08-31 03:49:53,719 INFO [main] a.c.t.a.AlcoMeasure [AlcoMeasure.kt:78] Test not successful:Blow Timeout:
2020-08-31 05:42:29,893 INFO [main] a.c.t.a.AlcoMeasure [Input.kt:28] Input gotten: Rfid(facilityCode=15, cardNumber=10897)
2020-08-31 05:42:41,648 INFO [main] a.c.t.a.AlcoMeasure [AlcoMeasure.kt:96] Result retrieved: Result(value=0.0, photo1Uri=null, photo2Uri=null, photo3Uri=null)
2020-08-31 05:55:32,033 INFO [main] a.c.t.a.AlcoMeasure [Input.kt:28] Input gotten: Rfid(facilityCode=15, cardNumber=9132)
2020-08-31 05:55:42,809 INFO [main] a.c.t.a.AlcoMeasure [AlcoMeasure.kt:96] Result retrieved: Result(value=0.0, photo1Uri=null, photo2Uri=null, photo3Uri=null)
2020-08-31 05:55:52,144 INFO [main] a.c.t.a.AlcoMeasure [Input.kt:28] Input gotten: Rfid(facilityCode=15, cardNumber=10097)
2020-08-31 05:56:05,432 INFO [main] a.c.t.a.AlcoMeasure [AlcoMeasure.kt:96] Result retrieved: Result(value=0.0, photo1Uri=null, photo2Uri=null, photo3Uri=null)
2020-08-31 05:56:24,298 INFO [main] a.c.t.a.AlcoMeasure [Input.kt:28] Input gotten: Rfid(facilityCode=15, cardNumber=9948)
2020-08-31 05:56:47,767 INFO [main] a.c.t.a.AlcoMeasure [AlcoMeasure.kt:96] Result retrieved: Result(value=0.0, photo1Uri=null, photo2Uri=null, photo3Uri=null)
2020-08-31 06:10:59,315 INFO [main] a.c.t.a.AlcoMeasure [Input.kt:28] Input gotten: Rfid(facilityCode=15, cardNumber=7145)
2020-08-31 06:11:22,766 INFO [main] a.c.t.a.AlcoMeasure [AlcoMeasure.kt:96] Result retrieved: Result(value=0.0, photo1Uri=null, photo2Uri=null, photo3Uri=null)
2020-08-31 06:11:24,376 INFO [main] a.c.t.a.AlcoMeasure [Input.kt:28] Input gotten: Rfid(facilityCode=15, cardNumber=7401)
2020-08-31 06:11:37,676 INFO [main] a.c.t.a.AlcoMeasure [AlcoMeasure.kt:96] Result retrieved: Result(value=0.0, photo1Uri=null, photo2Uri=null, photo3Uri=null)
2020-08-31 06:11:45,908 INFO [main] a.c.t.a.AlcoMeasure [Input.kt:28] Input gotten: Rfid(facilityCode=15, cardNumber=11414)
2020-08-31 06:12:04,781 INFO [main] a.c.t.a.AlcoMeasure [AlcoMeasure.kt:96] Result retrieved: Result(value=0.0, photo1Uri=null, photo2Uri=null, photo3Uri=null)
2020-08-31 06:12:08,097 INFO [main] a.c.t.a.AlcoMeasure [Input.kt:28] Input gotten: Rfid(facilityCode=15, cardNumber=11373)
2020-08-31 06:12:14,245 INFO [main] a.c.t.a.AlcoMeasure [AlcoMeasure.kt:78] Test not successful:Blow Stopped:
2020-08-31 06:12:19,664 INFO [main] a.c.t.a.AlcoMeasure [Input.kt:28] Input gotten: Rfid(facilityCode=15, cardNumber=11373)
2020-08-31 06:12:32,460 INFO [main] a.c.t.a.AlcoMeasure [AlcoMeasure.kt:96] Result retrieved: Result(value=0.0, photo1Uri=null, photo2Uri=null, photo3Uri=null)
2020-08-31 06:21:45,302 INFO [main] a.c.t.a.AlcoMeasure [Input.kt:28] Input gotten: Rfid(facilityCode=15, cardNumber=10036)
2020-08-31 06:21:53,994 INFO [main] a.c.t.a.AlcoMeasure [AlcoMeasure.kt:78] Test not successful:Blow Stopped:
2020-08-31 06:22:01,420 INFO [main] a.c.t.a.AlcoMeasure [Input.kt:28] Input gotten: Rfid(facilityCode=15, cardNumber=10036)
2020-08-31 06:22:16,742 INFO [main] a.c.t.a.AlcoMeasure [AlcoMeasure.kt:96] Result retrieved: Result(value=0.0, photo1Uri=null, photo2Uri=null, photo3Uri=null)
2020-08-31 06:22:20,157 INFO [main] a.c.t.a.AlcoMeasure [Input.kt:28] Input gotten: Rfid(facilityCode=15, cardNumber=7914)
2020-08-31 06:22:35,461 INFO [main] a.c.t.a.AlcoMeasure [AlcoMeasure.kt:96] Result retrieved: Result(value=0.0, photo1Uri=null, photo2Uri=null, photo3Uri=null)
2020-08-31 06:22:37,371 INFO [main] a.c.t.a.AlcoMeasure [Input.kt:28] Input gotten: Rfid(facilityCode=15, cardNumber=9494)
2020-08-31 06:22:48,633 INFO [main] a.c.t.a.AlcoMeasure [AlcoMeasure.kt:96] Result retrieved: Result(value=0.0, photo1Uri=null, photo2Uri=null, photo3Uri=null)
2020-08-31 06:22:51,246 INFO [main] a.c.t.a.AlcoMeasure [Input.kt:28] Input gotten: Rfid(facilityCode=15, cardNumber=10652)
2020-08-31 06:23:06,582 INFO [main] a.c.t.a.AlcoMeasure [AlcoMeasure.kt:96] Result retrieved: Result(value=0.0, photo1Uri=null, photo2Uri=null, photo3Uri=null)
2020-08-31 06:23:09,295 INFO [main] a.c.t.a.AlcoMeasure [Input.kt:28] Input gotten: Rfid(facilityCode=15, cardNumber=10904)
2020-08-31 06:23:21,577 INFO [main] a.c.t.a.AlcoMeasure [AlcoMeasure.kt:96] Result retrieved: Result(value=0.0, photo1Uri=null, photo2Uri=null, photo3Uri=null)
2020-08-31 06:39:56,953 INFO [main] a.c.t.a.AlcoMeasure [Input.kt:28] Input gotten: Rfid(facilityCode=15, cardNumber=9111)
2020-08-31 06:40:12,764 INFO [main] a.c.t.a.AlcoMeasure [AlcoMeasure.kt:96] Result retrieved: Result(value=0.0, photo1Uri=null, photo2Uri=null, photo3Uri=null)
2020-08-31 06:59:40,221 INFO [main] a.c.t.a.AlcoMeasure [Input.kt:28] Input gotten: Rfid(facilityCode=15, cardNumber=11350)
2020-08-31 07:00:05,680 INFO [main] a.c.t.a.AlcoMeasure [AlcoMeasure.kt:96] Result retrieved: Result(value=0.0, photo1Uri=null, photo2Uri=null, photo3Uri=null)
2020-08-31 07:01:55,152 INFO [main] a.c.t.a.AlcoMeasure [Input.kt:28] Input gotten: Rfid(facilityCode=15, cardNumber=7788)
2020-08-31 07:02:13,516 INFO [main] a.c.t.a.AlcoMeasure [AlcoMeasure.kt:96] Result retrieved: Result(value=0.0, photo1Uri=null, photo2Uri=null, photo3Uri=null)
2020-08-31 07:02:39,304 INFO [main] a.c.t.a.AlcoMeasure [Input.kt:28] Input gotten: Rfid(facilityCode=15, cardNumber=10379)
2020-08-31 07:02:55,628 INFO [main] a.c.t.a.AlcoMeasure [AlcoMeasure.kt:96] Result retrieved: Result(value=0.0, photo1Uri=null, photo2Uri=null, photo3Uri=null)
2020-08-31 07:14:01,703 INFO [main] a.c.t.a.AlcoMeasure [Input.kt:28] Input gotten: Rfid(facilityCode=15, cardNumber=8457)
2020-08-31 07:14:24,621 INFO [main] a.c.t.a.AlcoMeasure [AlcoMeasure.kt:96] Result retrieved: Result(value=0.0, photo1Uri=null, photo2Uri=null, photo3Uri=null)
2020-08-31 07:48:02,740 INFO [main] a.c.t.a.AlcoMeasure [Input.kt:28] Input gotten: Rfid(facilityCode=15, cardNumber=10610)
2020-08-31 07:48:30,727 INFO [main] a.c.t.a.AlcoMeasure [AlcoMeasure.kt:96] Result retrieved: Result(value=0.0, photo1Uri=null, photo2Uri=null, photo3Uri=null)
2020-08-31 07:50:59,115 INFO [main] a.c.t.a.AlcoMeasure [Input.kt:28] Input gotten: Rfid(facilityCode=15, cardNumber=11437)
2020-08-31 07:51:10,361 INFO [main] a.c.t.a.AlcoMeasure [AlcoMeasure.kt:96] Result retrieved: Result(value=0.0, photo1Uri=null, photo2Uri=null, photo3Uri=null)
2020-08-31 07:52:19,096 INFO [main] a.c.t.a.AlcoMeasure [Input.kt:28] Input gotten: Rfid(facilityCode=15, cardNumber=9944)
2020-08-31 07:52:37,428 INFO [main] a.c.t.a.AlcoMeasure [AlcoMeasure.kt:96] Result retrieved: Result(value=0.0, photo1Uri=null, photo2Uri=null, photo3Uri=null)
2020-08-31 07:56:44,739 INFO [main] a.c.t.a.AlcoMeasure [Input.kt:28] Input gotten: Rfid(facilityCode=15, cardNumber=10864)
2020-08-31 07:56:55,470 INFO [main] a.c.t.a.AlcoMeasure [AlcoMeasure.kt:96] Result retrieved: Result(value=0.0, photo1Uri=null, photo2Uri=null, photo3Uri=null)
2020-08-31 08:58:56,394 INFO [main] a.c.t.a.AlcoMeasure [Input.kt:28] Input gotten: Rfid(facilityCode=15, cardNumber=9022)
2020-08-31 08:59:25,387 INFO [main] a.c.t.a.AlcoMeasure [AlcoMeasure.kt:96] Result retrieved: Result(value=0.0, photo1Uri=null, photo2Uri=null, photo3Uri=null)
2020-08-31 09:17:48,933 INFO [main] a.c.t.a.AlcoMeasure [Input.kt:28] Input gotten: Rfid(facilityCode=15, cardNumber=1776)
2020-08-31 09:18:21,974 INFO [main] a.c.t.a.AlcoMeasure [AlcoMeasure.kt:96] Result retrieved: Result(value=0.0, photo1Uri=null, photo2Uri=null, photo3Uri=null)
2020-08-31 09:28:10,816 INFO [main] a.c.t.a.AlcoMeasure [Input.kt:28] Input gotten: Rfid(facilityCode=15, cardNumber=11382)
2020-08-31 09:28:27,131 INFO [main] a.c.t.a.AlcoMeasure [AlcoMeasure.kt:96] Result retrieved: Result(value=0.0, photo1Uri=null, photo2Uri=null, photo3Uri=null)
2020-08-31 10:09:56,807 INFO [main] a.c.t.a.AlcoMeasure [Input.kt:28] Input gotten: Rfid(facilityCode=15, cardNumber=3251)
2020-08-31 10:10:21,234 INFO [main] a.c.t.a.AlcoMeasure [AlcoMeasure.kt:96] Result retrieved: Result(value=0.0, photo1Uri=null, photo2Uri=null, photo3Uri=null)
2020-08-31 10:10:21,456 ERROR [main] a.c.t.a.AlcoMeasure [application.kt:32] An unexpected error occurred:
java.lang.NumberFormatException: For input string: ""
	at java.base/java.lang.NumberFormatException.forInputString(NumberFormatException.java:65)
	at java.base/java.lang.Integer.parseInt(Integer.java:662)
	at java.base/java.lang.Integer.parseInt(Integer.java:770)
	at au.com.touchsafe.alcomeasure.Input.getId(Input.kt:27)
	at au.com.touchsafe.alcomeasure.ApplicationKt.main(application.kt:14)
	at au.com.touchsafe.alcomeasure.ApplicationKt.main(application.kt)
2020-08-31 10:10:27,677 INFO [main] a.c.t.a.AlcoMeasure [Input.kt:28] Input gotten: Rfid(facilityCode=15, cardNumber=7028)
2020-08-31 10:10:38,924 INFO [main] a.c.t.a.AlcoMeasure [AlcoMeasure.kt:96] Result retrieved: Result(value=0.0, photo1Uri=null, photo2Uri=null, photo3Uri=null)
2020-08-31 10:23:47,275 INFO [main] a.c.t.a.AlcoMeasure [Input.kt:28] Input gotten: Rfid(facilityCode=15, cardNumber=5320)
2020-08-31 10:24:12,222 INFO [main] a.c.t.a.AlcoMeasure [AlcoMeasure.kt:96] Result retrieved: Result(value=0.0, photo1Uri=null, photo2Uri=null, photo3Uri=null)
2020-08-31 10:39:02,155 INFO [main] a.c.t.a.AlcoMeasure [Input.kt:28] Input gotten: Rfid(facilityCode=15, cardNumber=7001)
2020-08-31 10:39:24,038 INFO [main] a.c.t.a.AlcoMeasure [AlcoMeasure.kt:96] Result retrieved: Result(value=0.0, photo1Uri=null, photo2Uri=null, photo3Uri=null)
2020-08-31 10:42:30,556 INFO [main] a.c.t.a.AlcoMeasure [Input.kt:28] Input gotten: Rfid(facilityCode=15, cardNumber=10788)
2020-08-31 10:42:45,847 INFO [main] a.c.t.a.AlcoMeasure [AlcoMeasure.kt:96] Result retrieved: Result(value=0.0, photo1Uri=null, photo2Uri=null, photo3Uri=null)
2020-08-31 11:11:33,792 INFO [main] a.c.t.a.AlcoMeasure [Input.kt:28] Input gotten: Rfid(facilityCode=15, cardNumber=10533)
2020-08-31 11:11:52,123 INFO [main] a.c.t.a.AlcoMeasure [AlcoMeasure.kt:96] Result retrieved: Result(value=0.0, photo1Uri=null, photo2Uri=null, photo3Uri=null)
2020-08-31 11:40:17,444 INFO [main] a.c.t.a.AlcoMeasure [Input.kt:28] Input gotten: Rfid(facilityCode=15, cardNumber=9944)
2020-08-31 11:40:34,767 INFO [main] a.c.t.a.AlcoMeasure [AlcoMeasure.kt:96] Result retrieved: Result(value=0.0, photo1Uri=null, photo2Uri=null, photo3Uri=null)
2020-08-31 13:49:30,940 INFO [main] a.c.t.a.AlcoMeasure [Input.kt:28] Input gotten: Rfid(facilityCode=15, cardNumber=11082)
2020-08-31 13:49:49,792 INFO [main] a.c.t.a.AlcoMeasure [AlcoMeasure.kt:96] Result retrieved: Result(value=0.0, photo1Uri=null, photo2Uri=null, photo3Uri=null)
2020-08-31 13:53:20,490 INFO [main] a.c.t.a.AlcoMeasure [Input.kt:28] Input gotten: Rfid(facilityCode=15, cardNumber=11105)
2020-08-31 13:53:35,799 INFO [main] a.c.t.a.AlcoMeasure [AlcoMeasure.kt:96] Result retrieved: Result(value=0.0, photo1Uri=null, photo2Uri=null, photo3Uri=null)
2020-08-31 19:54:25,885 INFO [main] a.c.t.a.AlcoMeasure [Input.kt:28] Input gotten: Rfid(facilityCode=15, cardNumber=10975)
2020-08-31 19:54:42,181 INFO [main] a.c.t.a.AlcoMeasure [AlcoMeasure.kt:78] Test not successful:Blow Stopped:
2020-08-31 19:54:49,506 INFO [main] a.c.t.a.AlcoMeasure [Input.kt:28] Input gotten: Rfid(facilityCode=15, cardNumber=10975)
2020-08-31 19:55:02,770 INFO [main] a.c.t.a.AlcoMeasure [AlcoMeasure.kt:96] Result retrieved: Result(value=0.0, photo1Uri=null, photo2Uri=null, photo3Uri=null)
2020-08-31 23:26:57,187 INFO [main] a.c.t.a.AlcoMeasure [Input.kt:28] Input gotten: Rfid(facilityCode=15, cardNumber=10878)
2020-08-31 23:27:08,406 INFO [main] a.c.t.a.AlcoMeasure [AlcoMeasure.kt:96] Result retrieved: Result(value=0.0, photo1Uri=null, photo2Uri=null, photo3Uri=null)
