2020-09-02 04:49:05,157 INFO [main] a.c.t.a.AlcoMeasure [application.kt:8] TouchSafe 2 AlcoMeasure Integration: STARTED
2020-09-02 04:49:05,705 INFO [main] a.c.t.a.AlcoMeasure [application.kt:9] Connected keyboards: [65597:\\?\HID#VID_076B&PID_5428&MI_00#7&2f84c138&0&0000#{884b96c3-56ef-11d1-bc8c-00a0c91405dd}]
2020-09-02 04:57:35,800 INFO [main] a.c.t.a.AlcoMeasure [Input.kt:28] Input gotten: Rfid(facilityCode=15, cardNumber=10610)
2020-09-02 04:57:50,744 ERROR [main] a.c.t.a.AlcoMeasure [application.kt:32] An unexpected error occurred:
com.microsoft.sqlserver.jdbc.SQLServerException: The TCP/IP connection to the host 192.168.14.230, port 1433 has failed. Error: "Network is unreachable: connect. Verify the connection properties. Make sure that an instance of SQL Server is running on the host and accepting TCP/IP connections at the port. Make sure that TCP connections to the port are not blocked by a firewall.".
	at com.microsoft.sqlserver.jdbc.SQLServerException.makeFromDriverError(SQLServerException.java:234)
	at com.microsoft.sqlserver.jdbc.SQLServerException.ConvertConnectExceptionToSQLServerException(SQLServerException.java:285)
	at com.microsoft.sqlserver.jdbc.SocketFinder.findSocket(IOBuffer.java:2431)
	at com.microsoft.sqlserver.jdbc.TDSChannel.open(IOBuffer.java:656)
	at com.microsoft.sqlserver.jdbc.SQLServerConnection.connectHelper(SQLServerConnection.java:2472)
	at com.microsoft.sqlserver.jdbc.SQLServerConnection.login(SQLServerConnection.java:2142)
	at com.microsoft.sqlserver.jdbc.SQLServerConnection.connectInternal(SQLServerConnection.java:1993)
	at com.microsoft.sqlserver.jdbc.SQLServerConnection.connect(SQLServerConnection.java:1164)
	at com.microsoft.sqlserver.jdbc.SQLServerDriver.connect(SQLServerDriver.java:760)
	at java.sql/java.sql.DriverManager.getConnection(DriverManager.java:677)
	at java.sql/java.sql.DriverManager.getConnection(DriverManager.java:251)
	at au.com.touchsafe.alcomeasure.ApplicationKt.main(application.kt:15)
	at au.com.touchsafe.alcomeasure.ApplicationKt.main(application.kt)
2020-09-02 04:57:55,066 INFO [main] a.c.t.a.AlcoMeasure [Input.kt:28] Input gotten: Rfid(facilityCode=15, cardNumber=10610)
2020-09-02 04:58:09,623 ERROR [main] a.c.t.a.AlcoMeasure [application.kt:32] An unexpected error occurred:
com.microsoft.sqlserver.jdbc.SQLServerException: The TCP/IP connection to the host 192.168.14.230, port 1433 has failed. Error: "Network is unreachable: connect. Verify the connection properties. Make sure that an instance of SQL Server is running on the host and accepting TCP/IP connections at the port. Make sure that TCP connections to the port are not blocked by a firewall.".
	at com.microsoft.sqlserver.jdbc.SQLServerException.makeFromDriverError(SQLServerException.java:234)
	at com.microsoft.sqlserver.jdbc.SQLServerException.ConvertConnectExceptionToSQLServerException(SQLServerException.java:285)
	at com.microsoft.sqlserver.jdbc.SocketFinder.findSocket(IOBuffer.java:2431)
	at com.microsoft.sqlserver.jdbc.TDSChannel.open(IOBuffer.java:656)
	at com.microsoft.sqlserver.jdbc.SQLServerConnection.connectHelper(SQLServerConnection.java:2472)
	at com.microsoft.sqlserver.jdbc.SQLServerConnection.login(SQLServerConnection.java:2142)
	at com.microsoft.sqlserver.jdbc.SQLServerConnection.connectInternal(SQLServerConnection.java:1993)
	at com.microsoft.sqlserver.jdbc.SQLServerConnection.connect(SQLServerConnection.java:1164)
	at com.microsoft.sqlserver.jdbc.SQLServerDriver.connect(SQLServerDriver.java:760)
	at java.sql/java.sql.DriverManager.getConnection(DriverManager.java:677)
	at java.sql/java.sql.DriverManager.getConnection(DriverManager.java:251)
	at au.com.touchsafe.alcomeasure.ApplicationKt.main(application.kt:15)
	at au.com.touchsafe.alcomeasure.ApplicationKt.main(application.kt)
2020-09-02 04:58:10,125 INFO [main] a.c.t.a.AlcoMeasure [Input.kt:28] Input gotten: Rfid(facilityCode=15, cardNumber=10610)
2020-09-02 04:58:24,674 ERROR [main] a.c.t.a.AlcoMeasure [application.kt:32] An unexpected error occurred:
com.microsoft.sqlserver.jdbc.SQLServerException: The TCP/IP connection to the host 192.168.14.230, port 1433 has failed. Error: "Network is unreachable: connect. Verify the connection properties. Make sure that an instance of SQL Server is running on the host and accepting TCP/IP connections at the port. Make sure that TCP connections to the port are not blocked by a firewall.".
	at com.microsoft.sqlserver.jdbc.SQLServerException.makeFromDriverError(SQLServerException.java:234)
	at com.microsoft.sqlserver.jdbc.SQLServerException.ConvertConnectExceptionToSQLServerException(SQLServerException.java:285)
	at com.microsoft.sqlserver.jdbc.SocketFinder.findSocket(IOBuffer.java:2431)
	at com.microsoft.sqlserver.jdbc.TDSChannel.open(IOBuffer.java:656)
	at com.microsoft.sqlserver.jdbc.SQLServerConnection.connectHelper(SQLServerConnection.java:2472)
	at com.microsoft.sqlserver.jdbc.SQLServerConnection.login(SQLServerConnection.java:2142)
	at com.microsoft.sqlserver.jdbc.SQLServerConnection.connectInternal(SQLServerConnection.java:1993)
	at com.microsoft.sqlserver.jdbc.SQLServerConnection.connect(SQLServerConnection.java:1164)
	at com.microsoft.sqlserver.jdbc.SQLServerDriver.connect(SQLServerDriver.java:760)
	at java.sql/java.sql.DriverManager.getConnection(DriverManager.java:677)
	at java.sql/java.sql.DriverManager.getConnection(DriverManager.java:251)
	at au.com.touchsafe.alcomeasure.ApplicationKt.main(application.kt:15)
	at au.com.touchsafe.alcomeasure.ApplicationKt.main(application.kt)
2020-09-02 05:22:36,174 INFO [main] a.c.t.a.AlcoMeasure [Input.kt:28] Input gotten: Rfid(facilityCode=15, cardNumber=10506)
2020-09-02 05:22:52,354 INFO [main] a.c.t.a.AlcoMeasure [AlcoMeasure.kt:96] Result retrieved: Result(value=0.0, photo1Uri=null, photo2Uri=null, photo3Uri=null)
2020-09-02 05:28:08,895 INFO [main] a.c.t.a.AlcoMeasure [Input.kt:28] Input gotten: Rfid(facilityCode=15, cardNumber=10864)
2020-09-02 05:28:20,257 INFO [main] a.c.t.a.AlcoMeasure [AlcoMeasure.kt:96] Result retrieved: Result(value=0.0, photo1Uri=null, photo2Uri=null, photo3Uri=null)
2020-09-02 05:54:35,295 INFO [main] a.c.t.a.AlcoMeasure [Input.kt:28] Input gotten: Rfid(facilityCode=15, cardNumber=10897)
2020-09-02 05:54:49,175 INFO [main] a.c.t.a.AlcoMeasure [AlcoMeasure.kt:96] Result retrieved: Result(value=0.0, photo1Uri=null, photo2Uri=null, photo3Uri=null)
2020-09-02 05:56:55,192 INFO [main] a.c.t.a.AlcoMeasure [Input.kt:28] Input gotten: Rfid(facilityCode=15, cardNumber=11350)
2020-09-02 05:57:18,261 INFO [main] a.c.t.a.AlcoMeasure [AlcoMeasure.kt:96] Result retrieved: Result(value=0.0, photo1Uri=null, photo2Uri=null, photo3Uri=null)
2020-09-02 05:57:20,573 INFO [main] a.c.t.a.AlcoMeasure [Input.kt:28] Input gotten: Rfid(facilityCode=15, cardNumber=7028)
2020-09-02 05:57:36,457 INFO [main] a.c.t.a.AlcoMeasure [AlcoMeasure.kt:96] Result retrieved: Result(value=0.0, photo1Uri=null, photo2Uri=null, photo3Uri=null)
2020-09-02 06:10:17,957 INFO [main] a.c.t.a.AlcoMeasure [Input.kt:28] Input gotten: Rfid(facilityCode=15, cardNumber=10905)
2020-09-02 06:10:33,320 INFO [main] a.c.t.a.AlcoMeasure [AlcoMeasure.kt:96] Result retrieved: Result(value=0.0, photo1Uri=null, photo2Uri=null, photo3Uri=null)
2020-09-02 06:13:31,304 INFO [main] a.c.t.a.AlcoMeasure [Input.kt:28] Input gotten: Rfid(facilityCode=15, cardNumber=7001)
2020-09-02 06:13:52,779 INFO [main] a.c.t.a.AlcoMeasure [AlcoMeasure.kt:78] Test not successful:Blow Stopped:
2020-09-02 06:21:30,411 INFO [main] a.c.t.a.AlcoMeasure [Input.kt:28] Input gotten: Rfid(facilityCode=15, cardNumber=10972)
2020-09-02 06:21:42,219 INFO [main] a.c.t.a.AlcoMeasure [AlcoMeasure.kt:96] Result retrieved: Result(value=0.0, photo1Uri=null, photo2Uri=null, photo3Uri=null)
2020-09-02 06:25:59,392 INFO [main] a.c.t.a.AlcoMeasure [Input.kt:28] Input gotten: Rfid(facilityCode=15, cardNumber=11367)
2020-09-02 06:26:13,213 INFO [main] a.c.t.a.AlcoMeasure [AlcoMeasure.kt:96] Result retrieved: Result(value=0.0, photo1Uri=null, photo2Uri=null, photo3Uri=null)
2020-09-02 06:26:39,102 INFO [main] a.c.t.a.AlcoMeasure [Input.kt:28] Input gotten: Rfid(facilityCode=15, cardNumber=10652)
2020-09-02 06:26:52,422 INFO [main] a.c.t.a.AlcoMeasure [AlcoMeasure.kt:96] Result retrieved: Result(value=0.0, photo1Uri=null, photo2Uri=null, photo3Uri=null)
2020-09-02 06:26:55,135 INFO [main] a.c.t.a.AlcoMeasure [Input.kt:28] Input gotten: Rfid(facilityCode=15, cardNumber=10036)
2020-09-02 06:27:09,466 INFO [main] a.c.t.a.AlcoMeasure [AlcoMeasure.kt:96] Result retrieved: Result(value=0.0, photo1Uri=null, photo2Uri=null, photo3Uri=null)
2020-09-02 06:27:16,694 INFO [main] a.c.t.a.AlcoMeasure [Input.kt:28] Input gotten: Rfid(facilityCode=15, cardNumber=9494)
2020-09-02 06:27:31,026 INFO [main] a.c.t.a.AlcoMeasure [AlcoMeasure.kt:96] Result retrieved: Result(value=0.0, photo1Uri=null, photo2Uri=null, photo3Uri=null)
2020-09-02 06:27:43,672 INFO [main] a.c.t.a.AlcoMeasure [Input.kt:28] Input gotten: Rfid(facilityCode=15, cardNumber=7914)
2020-09-02 06:27:55,449 INFO [main] a.c.t.a.AlcoMeasure [AlcoMeasure.kt:96] Result retrieved: Result(value=0.0, photo1Uri=null, photo2Uri=null, photo3Uri=null)
2020-09-02 06:35:22,008 INFO [main] a.c.t.a.AlcoMeasure [Input.kt:28] Input gotten: Rfid(facilityCode=15, cardNumber=11105)
2020-09-02 06:35:37,342 INFO [main] a.c.t.a.AlcoMeasure [AlcoMeasure.kt:96] Result retrieved: Result(value=0.0, photo1Uri=null, photo2Uri=null, photo3Uri=null)
2020-09-02 06:35:57,713 INFO [main] a.c.t.a.AlcoMeasure [Input.kt:28] Input gotten: Rfid(facilityCode=15, cardNumber=10018)
2020-09-02 06:36:21,180 INFO [main] a.c.t.a.AlcoMeasure [AlcoMeasure.kt:96] Result retrieved: Result(value=0.0, photo1Uri=null, photo2Uri=null, photo3Uri=null)
2020-09-02 06:51:24,801 INFO [main] a.c.t.a.AlcoMeasure [Input.kt:28] Input gotten: Rfid(facilityCode=15, cardNumber=5320)
2020-09-02 06:51:51,357 INFO [main] a.c.t.a.AlcoMeasure [AlcoMeasure.kt:96] Result retrieved: Result(value=0.0, photo1Uri=null, photo2Uri=null, photo3Uri=null)
2020-09-02 06:56:17,633 INFO [main] a.c.t.a.AlcoMeasure [Input.kt:28] Input gotten: Rfid(facilityCode=15, cardNumber=3251)
2020-09-02 06:56:52,306 INFO [main] a.c.t.a.AlcoMeasure [AlcoMeasure.kt:96] Result retrieved: Result(value=0.0, photo1Uri=null, photo2Uri=null, photo3Uri=null)
2020-09-02 07:03:08,562 INFO [main] a.c.t.a.AlcoMeasure [Input.kt:28] Input gotten: Rfid(facilityCode=15, cardNumber=8457)
2020-09-02 07:03:25,427 INFO [main] a.c.t.a.AlcoMeasure [AlcoMeasure.kt:96] Result retrieved: Result(value=0.0, photo1Uri=null, photo2Uri=null, photo3Uri=null)
2020-09-02 07:28:47,409 INFO [main] a.c.t.a.AlcoMeasure [Input.kt:28] Input gotten: Rfid(facilityCode=15, cardNumber=11361)
2020-09-02 07:29:07,313 INFO [main] a.c.t.a.AlcoMeasure [AlcoMeasure.kt:96] Result retrieved: Result(value=0.0, photo1Uri=null, photo2Uri=null, photo3Uri=null)
2020-09-02 07:43:49,423 INFO [main] a.c.t.a.AlcoMeasure [Input.kt:28] Input gotten: Rfid(facilityCode=15, cardNumber=1776)
2020-09-02 07:44:18,458 INFO [main] a.c.t.a.AlcoMeasure [AlcoMeasure.kt:96] Result retrieved: Result(value=0.0, photo1Uri=null, photo2Uri=null, photo3Uri=null)
2020-09-02 07:55:46,245 INFO [main] a.c.t.a.AlcoMeasure [Input.kt:28] Input gotten: Rfid(facilityCode=15, cardNumber=7788)
2020-09-02 07:56:08,171 INFO [main] a.c.t.a.AlcoMeasure [AlcoMeasure.kt:96] Result retrieved: Result(value=0.0, photo1Uri=null, photo2Uri=null, photo3Uri=null)
2020-09-02 08:07:49,572 INFO [main] a.c.t.a.AlcoMeasure [Input.kt:28] Input gotten: Rfid(facilityCode=15, cardNumber=9944)
2020-09-02 08:08:10,980 INFO [main] a.c.t.a.AlcoMeasure [AlcoMeasure.kt:96] Result retrieved: Result(value=0.0, photo1Uri=null, photo2Uri=null, photo3Uri=null)
2020-09-02 08:47:36,044 INFO [main] a.c.t.a.AlcoMeasure [Input.kt:28] Input gotten: Rfid(facilityCode=15, cardNumber=10146)
2020-09-02 08:47:49,324 INFO [main] a.c.t.a.AlcoMeasure [AlcoMeasure.kt:96] Result retrieved: Result(value=0.0, photo1Uri=null, photo2Uri=null, photo3Uri=null)
2020-09-02 08:49:57,946 INFO [main] a.c.t.a.AlcoMeasure [Input.kt:28] Input gotten: Rfid(facilityCode=15, cardNumber=9027)
2020-09-02 08:50:24,963 INFO [main] a.c.t.a.AlcoMeasure [AlcoMeasure.kt:96] Result retrieved: Result(value=0.0, photo1Uri=null, photo2Uri=null, photo3Uri=null)
2020-09-02 09:50:30,887 INFO [main] a.c.t.a.AlcoMeasure [Input.kt:28] Input gotten: Rfid(facilityCode=15, cardNumber=11133)
2020-09-02 09:51:01,954 INFO [main] a.c.t.a.AlcoMeasure [AlcoMeasure.kt:96] Result retrieved: Result(value=0.0, photo1Uri=null, photo2Uri=null, photo3Uri=null)
2020-09-02 10:47:16,289 INFO [main] a.c.t.a.AlcoMeasure [Input.kt:28] Input gotten: Rfid(facilityCode=15, cardNumber=11082)
2020-09-02 10:47:34,148 INFO [main] a.c.t.a.AlcoMeasure [AlcoMeasure.kt:96] Result retrieved: Result(value=0.0, photo1Uri=null, photo2Uri=null, photo3Uri=null)
2020-09-02 15:01:51,298 INFO [main] a.c.t.a.AlcoMeasure [Input.kt:28] Input gotten: Rfid(facilityCode=15, cardNumber=10533)
2020-09-02 15:02:14,233 INFO [main] a.c.t.a.AlcoMeasure [AlcoMeasure.kt:96] Result retrieved: Result(value=0.0, photo1Uri=null, photo2Uri=null, photo3Uri=null)
2020-09-02 17:55:20,368 INFO [main] a.c.t.a.AlcoMeasure [application.kt:8] TouchSafe 2 AlcoMeasure Integration: STARTED
2020-09-02 17:55:20,954 INFO [main] a.c.t.a.AlcoMeasure [application.kt:9] Connected keyboards: [65597:\\?\HID#VID_076B&PID_5428&MI_00#7&2f84c138&0&0000#{884b96c3-56ef-11d1-bc8c-00a0c91405dd}]
2020-09-02 18:04:29,123 INFO [main] a.c.t.a.AlcoMeasure [application.kt:8] TouchSafe 2 AlcoMeasure Integration: STARTED
2020-09-02 18:04:29,738 INFO [main] a.c.t.a.AlcoMeasure [application.kt:9] Connected keyboards: [65597:\\?\HID#VID_076B&PID_5428&MI_00#7&2f84c138&0&0000#{884b96c3-56ef-11d1-bc8c-00a0c91405dd}]
2020-09-02 18:47:01,689 INFO [main] a.c.t.a.AlcoMeasure [Input.kt:28] Input gotten: Rfid(facilityCode=15, cardNumber=10880)
2020-09-02 18:47:22,450 INFO [main] a.c.t.a.AlcoMeasure [AlcoMeasure.kt:96] Result retrieved: Result(value=0.0, photo1Uri=null, photo2Uri=null, photo3Uri=null)
2020-09-02 19:54:55,081 INFO [main] a.c.t.a.AlcoMeasure [Input.kt:28] Input gotten: Rfid(facilityCode=15, cardNumber=10975)
2020-09-02 19:55:07,456 INFO [main] a.c.t.a.AlcoMeasure [AlcoMeasure.kt:96] Result retrieved: Result(value=0.0, photo1Uri=null, photo2Uri=null, photo3Uri=null)
