2020-10-02 03:52:30,079 INFO [main] a.c.t.a.AlcoMeasure [Input.kt:28] Input gotten: Rfid(facilityCode=15, cardNumber=10773)
2020-10-02 03:52:55,992 INFO [main] a.c.t.a.AlcoMeasure [AlcoMeasure.kt:96] Result retrieved: Result(value=0.0, photo1Uri=null, photo2Uri=null, photo3Uri=null)
2020-10-02 05:14:07,187 INFO [main] a.c.t.a.AlcoMeasure [Input.kt:28] Input gotten: Rfid(facilityCode=15, cardNumber=10506)
2020-10-02 05:14:17,891 INFO [main] a.c.t.a.AlcoMeasure [AlcoMeasure.kt:96] Result retrieved: Result(value=0.0, photo1Uri=null, photo2Uri=null, photo3Uri=null)
2020-10-02 05:23:57,326 INFO [main] a.c.t.a.AlcoMeasure [Input.kt:28] Input gotten: Rfid(facilityCode=15, cardNumber=6519)
2020-10-02 05:24:13,088 INFO [main] a.c.t.a.AlcoMeasure [AlcoMeasure.kt:96] Result retrieved: Result(value=0.0, photo1Uri=null, photo2Uri=null, photo3Uri=null)
2020-10-02 05:33:11,750 INFO [main] a.c.t.a.AlcoMeasure [Input.kt:28] Input gotten: Rfid(facilityCode=15, cardNumber=10864)
2020-10-02 05:33:22,952 INFO [main] a.c.t.a.AlcoMeasure [AlcoMeasure.kt:96] Result retrieved: Result(value=0.0, photo1Uri=null, photo2Uri=null, photo3Uri=null)
2020-10-02 05:36:13,428 INFO [main] a.c.t.a.AlcoMeasure [Input.kt:28] Input gotten: Rfid(facilityCode=15, cardNumber=11295)
2020-10-02 05:36:43,888 INFO [main] a.c.t.a.AlcoMeasure [AlcoMeasure.kt:96] Result retrieved: Result(value=0.0, photo1Uri=null, photo2Uri=null, photo3Uri=null)
2020-10-02 05:40:50,193 INFO [main] a.c.t.a.AlcoMeasure [Input.kt:28] Input gotten: Rfid(facilityCode=15, cardNumber=11106)
2020-10-02 05:41:17,115 INFO [main] a.c.t.a.AlcoMeasure [AlcoMeasure.kt:96] Result retrieved: Result(value=0.0, photo1Uri=null, photo2Uri=null, photo3Uri=null)
2020-10-02 05:53:02,521 INFO [main] a.c.t.a.AlcoMeasure [Input.kt:28] Input gotten: Rfid(facilityCode=15, cardNumber=10928)
2020-10-02 05:53:25,914 INFO [main] a.c.t.a.AlcoMeasure [AlcoMeasure.kt:96] Result retrieved: Result(value=0.0, photo1Uri=null, photo2Uri=null, photo3Uri=null)
2020-10-02 05:59:20,390 INFO [main] a.c.t.a.AlcoMeasure [Input.kt:28] Input gotten: Rfid(facilityCode=15, cardNumber=7145)
2020-10-02 05:59:40,709 INFO [main] a.c.t.a.AlcoMeasure [AlcoMeasure.kt:96] Result retrieved: Result(value=0.0, photo1Uri=null, photo2Uri=null, photo3Uri=null)
2020-10-02 06:00:16,629 INFO [main] a.c.t.a.AlcoMeasure [Input.kt:28] Input gotten: Rfid(facilityCode=15, cardNumber=7401)
2020-10-02 06:00:38,984 INFO [main] a.c.t.a.AlcoMeasure [AlcoMeasure.kt:96] Result retrieved: Result(value=0.0, photo1Uri=null, photo2Uri=null, photo3Uri=null)
2020-10-02 06:07:32,237 INFO [main] a.c.t.a.AlcoMeasure [Input.kt:28] Input gotten: Rfid(facilityCode=15, cardNumber=11373)
2020-10-02 06:07:42,935 INFO [main] a.c.t.a.AlcoMeasure [AlcoMeasure.kt:78] Test not successful:Blow Stopped:
2020-10-02 06:07:48,454 INFO [main] a.c.t.a.AlcoMeasure [Input.kt:28] Input gotten: Rfid(facilityCode=15, cardNumber=11373)
2020-10-02 06:08:03,728 INFO [main] a.c.t.a.AlcoMeasure [AlcoMeasure.kt:96] Result retrieved: Result(value=0.0, photo1Uri=null, photo2Uri=null, photo3Uri=null)
2020-10-02 06:18:06,748 INFO [main] a.c.t.a.AlcoMeasure [Input.kt:28] Input gotten: Rfid(facilityCode=15, cardNumber=9109)
2020-10-02 06:18:26,075 INFO [main] a.c.t.a.AlcoMeasure [AlcoMeasure.kt:96] Result retrieved: Result(value=0.0, photo1Uri=null, photo2Uri=null, photo3Uri=null)
2020-10-02 06:19:26,374 INFO [main] a.c.t.a.AlcoMeasure [Input.kt:28] Input gotten: Rfid(facilityCode=15, cardNumber=9022)
2020-10-02 06:19:45,699 INFO [main] a.c.t.a.AlcoMeasure [AlcoMeasure.kt:96] Result retrieved: Result(value=0.0, photo1Uri=null, photo2Uri=null, photo3Uri=null)
2020-10-02 06:40:41,687 INFO [main] a.c.t.a.AlcoMeasure [Input.kt:28] Input gotten: Rfid(facilityCode=15, cardNumber=11232)
2020-10-02 06:41:03,060 INFO [main] a.c.t.a.AlcoMeasure [AlcoMeasure.kt:96] Result retrieved: Result(value=0.0, photo1Uri=null, photo2Uri=null, photo3Uri=null)
2020-10-02 06:50:14,606 INFO [main] a.c.t.a.AlcoMeasure [Input.kt:28] Input gotten: Rfid(facilityCode=15, cardNumber=6717)
2020-10-02 06:50:28,877 INFO [main] a.c.t.a.AlcoMeasure [AlcoMeasure.kt:96] Result retrieved: Result(value=0.0, photo1Uri=null, photo2Uri=null, photo3Uri=null)
2020-10-02 07:17:23,985 INFO [main] a.c.t.a.AlcoMeasure [Input.kt:28] Input gotten: Rfid(facilityCode=15, cardNumber=7788)
2020-10-02 07:17:38,736 INFO [main] a.c.t.a.AlcoMeasure [AlcoMeasure.kt:96] Result retrieved: Result(value=0.0, photo1Uri=null, photo2Uri=null, photo3Uri=null)
2020-10-02 07:29:12,256 INFO [main] a.c.t.a.AlcoMeasure [Input.kt:28] Input gotten: Rfid(facilityCode=15, cardNumber=1776)
2020-10-02 07:29:38,143 INFO [main] a.c.t.a.AlcoMeasure [AlcoMeasure.kt:96] Result retrieved: Result(value=0.0, photo1Uri=null, photo2Uri=null, photo3Uri=null)
2020-10-02 07:32:51,491 INFO [main] a.c.t.a.AlcoMeasure [Input.kt:28] Input gotten: Rfid(facilityCode=15, cardNumber=11082)
2020-10-02 07:33:09,793 INFO [main] a.c.t.a.AlcoMeasure [AlcoMeasure.kt:96] Result retrieved: Result(value=0.0, photo1Uri=null, photo2Uri=null, photo3Uri=null)
2020-10-02 08:08:10,189 INFO [main] a.c.t.a.AlcoMeasure [Input.kt:28] Input gotten: Rfid(facilityCode=15, cardNumber=10986)
2020-10-02 08:08:43,706 INFO [main] a.c.t.a.AlcoMeasure [AlcoMeasure.kt:96] Result retrieved: Result(value=0.0, photo1Uri=null, photo2Uri=null, photo3Uri=null)
2020-10-02 08:13:51,030 INFO [main] a.c.t.a.AlcoMeasure [Input.kt:28] Input gotten: Rfid(facilityCode=15, cardNumber=11350)
2020-10-02 08:13:58,691 ERROR [main] a.c.t.a.AlcoMeasure [application.kt:32] An unexpected error occurred:
java.net.ConnectException: No buffer space available (maximum connections reached?): connect
	at java.net.http/jdk.internal.net.http.HttpClientImpl.send(HttpClientImpl.java:561)
	at java.net.http/jdk.internal.net.http.HttpClientFacade.send(HttpClientFacade.java:119)
	at au.com.touchsafe.alcomeasure.AlcoMeasure.performTest(AlcoMeasure.kt:67)
	at au.com.touchsafe.alcomeasure.ApplicationKt.main(application.kt:24)
	at au.com.touchsafe.alcomeasure.ApplicationKt.main(application.kt)
Caused by: java.net.ConnectException: No buffer space available (maximum connections reached?): connect
	at java.net.http/jdk.internal.net.http.common.Utils.toConnectException(Utils.java:964)
	at java.net.http/jdk.internal.net.http.PlainHttpConnection.connectAsync(PlainHttpConnection.java:179)
	at java.net.http/jdk.internal.net.http.Http1Exchange.sendHeadersAsync(Http1Exchange.java:236)
	at java.net.http/jdk.internal.net.http.Exchange.lambda$responseAsyncImpl0$8(Exchange.java:422)
	at java.net.http/jdk.internal.net.http.Exchange.checkFor407(Exchange.java:354)
	at java.net.http/jdk.internal.net.http.Exchange.lambda$responseAsyncImpl0$9(Exchange.java:426)
	at java.base/java.util.concurrent.CompletableFuture.uniHandle(CompletableFuture.java:930)
	at java.base/java.util.concurrent.CompletableFuture.uniHandleStage(CompletableFuture.java:946)
	at java.base/java.util.concurrent.CompletableFuture.handle(CompletableFuture.java:2266)
	at java.net.http/jdk.internal.net.http.Exchange.responseAsyncImpl0(Exchange.java:426)
	at java.net.http/jdk.internal.net.http.Exchange.responseAsyncImpl(Exchange.java:330)
	at java.net.http/jdk.internal.net.http.Exchange.responseAsync(Exchange.java:322)
	at java.net.http/jdk.internal.net.http.MultiExchange.responseAsyncImpl(MultiExchange.java:304)
	at java.net.http/jdk.internal.net.http.MultiExchange.lambda$responseAsync0$2(MultiExchange.java:250)
	at java.base/java.util.concurrent.CompletableFuture$UniCompose.tryFire(CompletableFuture.java:1072)
	at java.base/java.util.concurrent.CompletableFuture.postComplete(CompletableFuture.java:506)
	at java.base/java.util.concurrent.CompletableFuture$AsyncSupply.run(CompletableFuture.java:1705)
	at java.net.http/jdk.internal.net.http.HttpClientImpl$DelegatingExecutor.execute(HttpClientImpl.java:153)
	at java.base/java.util.concurrent.CompletableFuture.completeAsync(CompletableFuture.java:2591)
	at java.net.http/jdk.internal.net.http.MultiExchange.responseAsync(MultiExchange.java:204)
	at java.net.http/jdk.internal.net.http.HttpClientImpl.sendAsync(HttpClientImpl.java:632)
	at java.net.http/jdk.internal.net.http.HttpClientImpl.send(HttpClientImpl.java:540)
	... 4 common frames omitted
Caused by: java.net.SocketException: No buffer space available (maximum connections reached?): connect
	at java.base/sun.nio.ch.Net.connect0(Native Method)
	at java.base/sun.nio.ch.Net.connect(Net.java:482)
	at java.base/sun.nio.ch.Net.connect(Net.java:474)
	at java.base/sun.nio.ch.SocketChannelImpl.connect(SocketChannelImpl.java:694)
	at java.net.http/jdk.internal.net.http.PlainHttpConnection.lambda$connectAsync$0(PlainHttpConnection.java:165)
	at java.base/java.security.AccessController.doPrivileged(Native Method)
	at java.net.http/jdk.internal.net.http.PlainHttpConnection.connectAsync(PlainHttpConnection.java:167)
	... 24 common frames omitted
2020-10-02 09:16:09,202 INFO [main] a.c.t.a.AlcoMeasure [Input.kt:28] Input gotten: Rfid(facilityCode=15, cardNumber=10065)
2020-10-02 09:16:09,241 ERROR [main] a.c.t.a.AlcoMeasure [application.kt:32] An unexpected error occurred:
java.lang.InternalError: java.io.IOException: Unable to establish loopback connection
	at java.net.http/jdk.internal.net.http.HttpClientImpl.<init>(HttpClientImpl.java:311)
	at java.net.http/jdk.internal.net.http.HttpClientImpl.create(HttpClientImpl.java:253)
	at java.net.http/jdk.internal.net.http.HttpClientBuilderImpl.build(HttpClientBuilderImpl.java:135)
	at au.com.touchsafe.alcomeasure.AlcoMeasure.performTest(AlcoMeasure.kt:46)
	at au.com.touchsafe.alcomeasure.ApplicationKt.main(application.kt:24)
	at au.com.touchsafe.alcomeasure.ApplicationKt.main(application.kt)
Caused by: java.io.IOException: Unable to establish loopback connection
	at java.base/sun.nio.ch.PipeImpl$Initializer.run(PipeImpl.java:94)
	at java.base/sun.nio.ch.PipeImpl$Initializer.run(PipeImpl.java:61)
	at java.base/java.security.AccessController.doPrivileged(Native Method)
	at java.base/sun.nio.ch.PipeImpl.<init>(PipeImpl.java:171)
	at java.base/sun.nio.ch.SelectorProviderImpl.openPipe(SelectorProviderImpl.java:50)
	at java.base/java.nio.channels.Pipe.open(Pipe.java:155)
	at java.base/sun.nio.ch.WindowsSelectorImpl.<init>(WindowsSelectorImpl.java:127)
	at java.base/sun.nio.ch.WindowsSelectorProvider.openSelector(WindowsSelectorProvider.java:44)
	at java.base/java.nio.channels.Selector.open(Selector.java:295)
	at java.net.http/jdk.internal.net.http.HttpClientImpl$SelectorManager.<init>(HttpClientImpl.java:699)
	at java.net.http/jdk.internal.net.http.HttpClientImpl.<init>(HttpClientImpl.java:308)
	... 5 common frames omitted
Caused by: java.net.SocketException: No buffer space available (maximum connections reached?): bind
	at java.base/sun.nio.ch.Net.bind0(Native Method)
	at java.base/sun.nio.ch.Net.bind(Net.java:461)
	at java.base/sun.nio.ch.Net.bind(Net.java:453)
	at java.base/sun.nio.ch.ServerSocketChannelImpl.bind(ServerSocketChannelImpl.java:227)
	at java.base/sun.nio.ch.ServerSocketAdaptor.bind(ServerSocketAdaptor.java:80)
	at java.base/sun.nio.ch.ServerSocketAdaptor.bind(ServerSocketAdaptor.java:73)
	at java.base/sun.nio.ch.PipeImpl$Initializer$LoopbackConnector.run(PipeImpl.java:121)
	at java.base/sun.nio.ch.PipeImpl$Initializer.run(PipeImpl.java:76)
	... 15 common frames omitted
2020-10-02 09:16:28,304 INFO [main] a.c.t.a.AlcoMeasure [Input.kt:28] Input gotten: Rfid(facilityCode=15, cardNumber=10065)
2020-10-02 09:16:42,869 ERROR [main] a.c.t.a.AlcoMeasure [application.kt:32] An unexpected error occurred:
com.microsoft.sqlserver.jdbc.SQLServerException: The TCP/IP connection to the host 192.168.14.230, port 1433 has failed. Error: "Address already in use: connect. Verify the connection properties. Make sure that an instance of SQL Server is running on the host and accepting TCP/IP connections at the port. Make sure that TCP connections to the port are not blocked by a firewall.".
	at com.microsoft.sqlserver.jdbc.SQLServerException.makeFromDriverError(SQLServerException.java:234)
	at com.microsoft.sqlserver.jdbc.SQLServerException.ConvertConnectExceptionToSQLServerException(SQLServerException.java:285)
	at com.microsoft.sqlserver.jdbc.SocketFinder.findSocket(IOBuffer.java:2431)
	at com.microsoft.sqlserver.jdbc.TDSChannel.open(IOBuffer.java:656)
	at com.microsoft.sqlserver.jdbc.SQLServerConnection.connectHelper(SQLServerConnection.java:2472)
	at com.microsoft.sqlserver.jdbc.SQLServerConnection.login(SQLServerConnection.java:2142)
	at com.microsoft.sqlserver.jdbc.SQLServerConnection.connectInternal(SQLServerConnection.java:1993)
	at com.microsoft.sqlserver.jdbc.SQLServerConnection.connect(SQLServerConnection.java:1164)
	at com.microsoft.sqlserver.jdbc.SQLServerDriver.connect(SQLServerDriver.java:760)
	at java.sql/java.sql.DriverManager.getConnection(DriverManager.java:677)
	at java.sql/java.sql.DriverManager.getConnection(DriverManager.java:251)
	at au.com.touchsafe.alcomeasure.ApplicationKt.main(application.kt:15)
	at au.com.touchsafe.alcomeasure.ApplicationKt.main(application.kt)
2020-10-02 09:16:48,589 INFO [main] a.c.t.a.AlcoMeasure [Input.kt:28] Input gotten: Rfid(facilityCode=15, cardNumber=10065)
2020-10-02 09:17:03,121 ERROR [main] a.c.t.a.AlcoMeasure [application.kt:32] An unexpected error occurred:
com.microsoft.sqlserver.jdbc.SQLServerException: The TCP/IP connection to the host 192.168.14.230, port 1433 has failed. Error: "Address already in use: connect. Verify the connection properties. Make sure that an instance of SQL Server is running on the host and accepting TCP/IP connections at the port. Make sure that TCP connections to the port are not blocked by a firewall.".
	at com.microsoft.sqlserver.jdbc.SQLServerException.makeFromDriverError(SQLServerException.java:234)
	at com.microsoft.sqlserver.jdbc.SQLServerException.ConvertConnectExceptionToSQLServerException(SQLServerException.java:285)
	at com.microsoft.sqlserver.jdbc.SocketFinder.findSocket(IOBuffer.java:2431)
	at com.microsoft.sqlserver.jdbc.TDSChannel.open(IOBuffer.java:656)
	at com.microsoft.sqlserver.jdbc.SQLServerConnection.connectHelper(SQLServerConnection.java:2472)
	at com.microsoft.sqlserver.jdbc.SQLServerConnection.login(SQLServerConnection.java:2142)
	at com.microsoft.sqlserver.jdbc.SQLServerConnection.connectInternal(SQLServerConnection.java:1993)
	at com.microsoft.sqlserver.jdbc.SQLServerConnection.connect(SQLServerConnection.java:1164)
	at com.microsoft.sqlserver.jdbc.SQLServerDriver.connect(SQLServerDriver.java:760)
	at java.sql/java.sql.DriverManager.getConnection(DriverManager.java:677)
	at java.sql/java.sql.DriverManager.getConnection(DriverManager.java:251)
	at au.com.touchsafe.alcomeasure.ApplicationKt.main(application.kt:15)
	at au.com.touchsafe.alcomeasure.ApplicationKt.main(application.kt)
2020-10-02 09:17:21,481 INFO [main] a.c.t.a.AlcoMeasure [Input.kt:28] Input gotten: Rfid(facilityCode=15, cardNumber=10065)
2020-10-02 09:17:36,013 ERROR [main] a.c.t.a.AlcoMeasure [application.kt:32] An unexpected error occurred:
com.microsoft.sqlserver.jdbc.SQLServerException: The TCP/IP connection to the host 192.168.14.230, port 1433 has failed. Error: "Address already in use: connect. Verify the connection properties. Make sure that an instance of SQL Server is running on the host and accepting TCP/IP connections at the port. Make sure that TCP connections to the port are not blocked by a firewall.".
	at com.microsoft.sqlserver.jdbc.SQLServerException.makeFromDriverError(SQLServerException.java:234)
	at com.microsoft.sqlserver.jdbc.SQLServerException.ConvertConnectExceptionToSQLServerException(SQLServerException.java:285)
	at com.microsoft.sqlserver.jdbc.SocketFinder.findSocket(IOBuffer.java:2431)
	at com.microsoft.sqlserver.jdbc.TDSChannel.open(IOBuffer.java:656)
	at com.microsoft.sqlserver.jdbc.SQLServerConnection.connectHelper(SQLServerConnection.java:2472)
	at com.microsoft.sqlserver.jdbc.SQLServerConnection.login(SQLServerConnection.java:2142)
	at com.microsoft.sqlserver.jdbc.SQLServerConnection.connectInternal(SQLServerConnection.java:1993)
	at com.microsoft.sqlserver.jdbc.SQLServerConnection.connect(SQLServerConnection.java:1164)
	at com.microsoft.sqlserver.jdbc.SQLServerDriver.connect(SQLServerDriver.java:760)
	at java.sql/java.sql.DriverManager.getConnection(DriverManager.java:677)
	at java.sql/java.sql.DriverManager.getConnection(DriverManager.java:251)
	at au.com.touchsafe.alcomeasure.ApplicationKt.main(application.kt:15)
	at au.com.touchsafe.alcomeasure.ApplicationKt.main(application.kt)
2020-10-02 09:18:18,252 INFO [main] a.c.t.a.AlcoMeasure [Input.kt:28] Input gotten: Rfid(facilityCode=15, cardNumber=11223)
2020-10-02 09:18:32,780 ERROR [main] a.c.t.a.AlcoMeasure [application.kt:32] An unexpected error occurred:
com.microsoft.sqlserver.jdbc.SQLServerException: The TCP/IP connection to the host 192.168.14.230, port 1433 has failed. Error: "No buffer space available (maximum connections reached?): connect. Verify the connection properties. Make sure that an instance of SQL Server is running on the host and accepting TCP/IP connections at the port. Make sure that TCP connections to the port are not blocked by a firewall.".
	at com.microsoft.sqlserver.jdbc.SQLServerException.makeFromDriverError(SQLServerException.java:234)
	at com.microsoft.sqlserver.jdbc.SQLServerException.ConvertConnectExceptionToSQLServerException(SQLServerException.java:285)
	at com.microsoft.sqlserver.jdbc.SocketFinder.findSocket(IOBuffer.java:2431)
	at com.microsoft.sqlserver.jdbc.TDSChannel.open(IOBuffer.java:656)
	at com.microsoft.sqlserver.jdbc.SQLServerConnection.connectHelper(SQLServerConnection.java:2472)
	at com.microsoft.sqlserver.jdbc.SQLServerConnection.login(SQLServerConnection.java:2142)
	at com.microsoft.sqlserver.jdbc.SQLServerConnection.connectInternal(SQLServerConnection.java:1993)
	at com.microsoft.sqlserver.jdbc.SQLServerConnection.connect(SQLServerConnection.java:1164)
	at com.microsoft.sqlserver.jdbc.SQLServerDriver.connect(SQLServerDriver.java:760)
	at java.sql/java.sql.DriverManager.getConnection(DriverManager.java:677)
	at java.sql/java.sql.DriverManager.getConnection(DriverManager.java:251)
	at au.com.touchsafe.alcomeasure.ApplicationKt.main(application.kt:15)
	at au.com.touchsafe.alcomeasure.ApplicationKt.main(application.kt)
2020-10-02 09:22:03,587 INFO [main] a.c.t.a.AlcoMeasure [Input.kt:28] Input gotten: Rfid(facilityCode=15, cardNumber=11223)
2020-10-02 09:22:03,640 ERROR [main] a.c.t.a.AlcoMeasure [application.kt:32] An unexpected error occurred:
java.lang.InternalError: java.io.IOException: Unable to establish loopback connection
	at java.net.http/jdk.internal.net.http.HttpClientImpl.<init>(HttpClientImpl.java:311)
	at java.net.http/jdk.internal.net.http.HttpClientImpl.create(HttpClientImpl.java:253)
	at java.net.http/jdk.internal.net.http.HttpClientBuilderImpl.build(HttpClientBuilderImpl.java:135)
	at au.com.touchsafe.alcomeasure.AlcoMeasure.performTest(AlcoMeasure.kt:46)
	at au.com.touchsafe.alcomeasure.ApplicationKt.main(application.kt:24)
	at au.com.touchsafe.alcomeasure.ApplicationKt.main(application.kt)
Caused by: java.io.IOException: Unable to establish loopback connection
	at java.base/sun.nio.ch.PipeImpl$Initializer.run(PipeImpl.java:94)
	at java.base/sun.nio.ch.PipeImpl$Initializer.run(PipeImpl.java:61)
	at java.base/java.security.AccessController.doPrivileged(Native Method)
	at java.base/sun.nio.ch.PipeImpl.<init>(PipeImpl.java:171)
	at java.base/sun.nio.ch.SelectorProviderImpl.openPipe(SelectorProviderImpl.java:50)
	at java.base/java.nio.channels.Pipe.open(Pipe.java:155)
	at java.base/sun.nio.ch.WindowsSelectorImpl.<init>(WindowsSelectorImpl.java:127)
	at java.base/sun.nio.ch.WindowsSelectorProvider.openSelector(WindowsSelectorProvider.java:44)
	at java.base/java.nio.channels.Selector.open(Selector.java:295)
	at java.net.http/jdk.internal.net.http.HttpClientImpl$SelectorManager.<init>(HttpClientImpl.java:699)
	at java.net.http/jdk.internal.net.http.HttpClientImpl.<init>(HttpClientImpl.java:308)
	... 5 common frames omitted
Caused by: java.net.SocketException: No buffer space available (maximum connections reached?): bind
	at java.base/sun.nio.ch.Net.bind0(Native Method)
	at java.base/sun.nio.ch.Net.bind(Net.java:461)
	at java.base/sun.nio.ch.Net.bind(Net.java:453)
	at java.base/sun.nio.ch.ServerSocketChannelImpl.bind(ServerSocketChannelImpl.java:227)
	at java.base/sun.nio.ch.ServerSocketAdaptor.bind(ServerSocketAdaptor.java:80)
	at java.base/sun.nio.ch.ServerSocketAdaptor.bind(ServerSocketAdaptor.java:73)
	at java.base/sun.nio.ch.PipeImpl$Initializer$LoopbackConnector.run(PipeImpl.java:121)
	at java.base/sun.nio.ch.PipeImpl$Initializer.run(PipeImpl.java:76)
	... 15 common frames omitted
2020-10-02 09:22:20,899 INFO [main] a.c.t.a.AlcoMeasure [Input.kt:28] Input gotten: Rfid(facilityCode=15, cardNumber=10065)
2020-10-02 09:22:35,434 ERROR [main] a.c.t.a.AlcoMeasure [application.kt:32] An unexpected error occurred:
com.microsoft.sqlserver.jdbc.SQLServerException: The TCP/IP connection to the host 192.168.14.230, port 1433 has failed. Error: "Address already in use: connect. Verify the connection properties. Make sure that an instance of SQL Server is running on the host and accepting TCP/IP connections at the port. Make sure that TCP connections to the port are not blocked by a firewall.".
	at com.microsoft.sqlserver.jdbc.SQLServerException.makeFromDriverError(SQLServerException.java:234)
	at com.microsoft.sqlserver.jdbc.SQLServerException.ConvertConnectExceptionToSQLServerException(SQLServerException.java:285)
	at com.microsoft.sqlserver.jdbc.SocketFinder.findSocket(IOBuffer.java:2431)
	at com.microsoft.sqlserver.jdbc.TDSChannel.open(IOBuffer.java:656)
	at com.microsoft.sqlserver.jdbc.SQLServerConnection.connectHelper(SQLServerConnection.java:2472)
	at com.microsoft.sqlserver.jdbc.SQLServerConnection.login(SQLServerConnection.java:2142)
	at com.microsoft.sqlserver.jdbc.SQLServerConnection.connectInternal(SQLServerConnection.java:1993)
	at com.microsoft.sqlserver.jdbc.SQLServerConnection.connect(SQLServerConnection.java:1164)
	at com.microsoft.sqlserver.jdbc.SQLServerDriver.connect(SQLServerDriver.java:760)
	at java.sql/java.sql.DriverManager.getConnection(DriverManager.java:677)
	at java.sql/java.sql.DriverManager.getConnection(DriverManager.java:251)
	at au.com.touchsafe.alcomeasure.ApplicationKt.main(application.kt:15)
	at au.com.touchsafe.alcomeasure.ApplicationKt.main(application.kt)
2020-10-02 09:22:43,461 INFO [main] a.c.t.a.AlcoMeasure [Input.kt:28] Input gotten: Rfid(facilityCode=15, cardNumber=11223)
2020-10-02 09:22:58,005 ERROR [main] a.c.t.a.AlcoMeasure [application.kt:32] An unexpected error occurred:
com.microsoft.sqlserver.jdbc.SQLServerException: The TCP/IP connection to the host 192.168.14.230, port 1433 has failed. Error: "Address already in use: connect. Verify the connection properties. Make sure that an instance of SQL Server is running on the host and accepting TCP/IP connections at the port. Make sure that TCP connections to the port are not blocked by a firewall.".
	at com.microsoft.sqlserver.jdbc.SQLServerException.makeFromDriverError(SQLServerException.java:234)
	at com.microsoft.sqlserver.jdbc.SQLServerException.ConvertConnectExceptionToSQLServerException(SQLServerException.java:285)
	at com.microsoft.sqlserver.jdbc.SocketFinder.findSocket(IOBuffer.java:2431)
	at com.microsoft.sqlserver.jdbc.TDSChannel.open(IOBuffer.java:656)
	at com.microsoft.sqlserver.jdbc.SQLServerConnection.connectHelper(SQLServerConnection.java:2472)
	at com.microsoft.sqlserver.jdbc.SQLServerConnection.login(SQLServerConnection.java:2142)
	at com.microsoft.sqlserver.jdbc.SQLServerConnection.connectInternal(SQLServerConnection.java:1993)
	at com.microsoft.sqlserver.jdbc.SQLServerConnection.connect(SQLServerConnection.java:1164)
	at com.microsoft.sqlserver.jdbc.SQLServerDriver.connect(SQLServerDriver.java:760)
	at java.sql/java.sql.DriverManager.getConnection(DriverManager.java:677)
	at java.sql/java.sql.DriverManager.getConnection(DriverManager.java:251)
	at au.com.touchsafe.alcomeasure.ApplicationKt.main(application.kt:15)
	at au.com.touchsafe.alcomeasure.ApplicationKt.main(application.kt)
2020-10-02 09:22:58,708 INFO [main] a.c.t.a.AlcoMeasure [Input.kt:28] Input gotten: Rfid(facilityCode=15, cardNumber=11433)
2020-10-02 09:23:13,250 ERROR [main] a.c.t.a.AlcoMeasure [application.kt:32] An unexpected error occurred:
com.microsoft.sqlserver.jdbc.SQLServerException: The TCP/IP connection to the host 192.168.14.230, port 1433 has failed. Error: "Address already in use: connect. Verify the connection properties. Make sure that an instance of SQL Server is running on the host and accepting TCP/IP connections at the port. Make sure that TCP connections to the port are not blocked by a firewall.".
	at com.microsoft.sqlserver.jdbc.SQLServerException.makeFromDriverError(SQLServerException.java:234)
	at com.microsoft.sqlserver.jdbc.SQLServerException.ConvertConnectExceptionToSQLServerException(SQLServerException.java:285)
	at com.microsoft.sqlserver.jdbc.SocketFinder.findSocket(IOBuffer.java:2431)
	at com.microsoft.sqlserver.jdbc.TDSChannel.open(IOBuffer.java:656)
	at com.microsoft.sqlserver.jdbc.SQLServerConnection.connectHelper(SQLServerConnection.java:2472)
	at com.microsoft.sqlserver.jdbc.SQLServerConnection.login(SQLServerConnection.java:2142)
	at com.microsoft.sqlserver.jdbc.SQLServerConnection.connectInternal(SQLServerConnection.java:1993)
	at com.microsoft.sqlserver.jdbc.SQLServerConnection.connect(SQLServerConnection.java:1164)
	at com.microsoft.sqlserver.jdbc.SQLServerDriver.connect(SQLServerDriver.java:760)
	at java.sql/java.sql.DriverManager.getConnection(DriverManager.java:677)
	at java.sql/java.sql.DriverManager.getConnection(DriverManager.java:251)
	at au.com.touchsafe.alcomeasure.ApplicationKt.main(application.kt:15)
	at au.com.touchsafe.alcomeasure.ApplicationKt.main(application.kt)
2020-10-02 11:19:59,787 INFO [main] a.c.t.a.AlcoMeasure [Input.kt:28] Input gotten: Rfid(facilityCode=15, cardNumber=11135)
2020-10-02 11:20:11,357 ERROR [main] a.c.t.a.AlcoMeasure [application.kt:32] An unexpected error occurred:
java.lang.InternalError: java.io.IOException: Unable to establish loopback connection
	at java.net.http/jdk.internal.net.http.HttpClientImpl.<init>(HttpClientImpl.java:311)
	at java.net.http/jdk.internal.net.http.HttpClientImpl.create(HttpClientImpl.java:253)
	at java.net.http/jdk.internal.net.http.HttpClientBuilderImpl.build(HttpClientBuilderImpl.java:135)
	at au.com.touchsafe.alcomeasure.AlcoMeasure.performTest(AlcoMeasure.kt:46)
	at au.com.touchsafe.alcomeasure.ApplicationKt.main(application.kt:24)
	at au.com.touchsafe.alcomeasure.ApplicationKt.main(application.kt)
Caused by: java.io.IOException: Unable to establish loopback connection
	at java.base/sun.nio.ch.PipeImpl$Initializer.run(PipeImpl.java:94)
	at java.base/sun.nio.ch.PipeImpl$Initializer.run(PipeImpl.java:61)
	at java.base/java.security.AccessController.doPrivileged(Native Method)
	at java.base/sun.nio.ch.PipeImpl.<init>(PipeImpl.java:171)
	at java.base/sun.nio.ch.SelectorProviderImpl.openPipe(SelectorProviderImpl.java:50)
	at java.base/java.nio.channels.Pipe.open(Pipe.java:155)
	at java.base/sun.nio.ch.WindowsSelectorImpl.<init>(WindowsSelectorImpl.java:127)
	at java.base/sun.nio.ch.WindowsSelectorProvider.openSelector(WindowsSelectorProvider.java:44)
	at java.base/java.nio.channels.Selector.open(Selector.java:295)
	at java.net.http/jdk.internal.net.http.HttpClientImpl$SelectorManager.<init>(HttpClientImpl.java:699)
	at java.net.http/jdk.internal.net.http.HttpClientImpl.<init>(HttpClientImpl.java:308)
	... 5 common frames omitted
Caused by: java.net.SocketException: No buffer space available (maximum connections reached?): bind
	at java.base/sun.nio.ch.Net.bind0(Native Method)
	at java.base/sun.nio.ch.Net.bind(Net.java:461)
	at java.base/sun.nio.ch.Net.bind(Net.java:453)
	at java.base/sun.nio.ch.ServerSocketChannelImpl.bind(ServerSocketChannelImpl.java:227)
	at java.base/sun.nio.ch.ServerSocketAdaptor.bind(ServerSocketAdaptor.java:80)
	at java.base/sun.nio.ch.ServerSocketAdaptor.bind(ServerSocketAdaptor.java:73)
	at java.base/sun.nio.ch.PipeImpl$Initializer$LoopbackConnector.run(PipeImpl.java:121)
	at java.base/sun.nio.ch.PipeImpl$Initializer.run(PipeImpl.java:76)
	... 15 common frames omitted
2020-10-02 11:20:16,574 INFO [main] a.c.t.a.AlcoMeasure [Input.kt:28] Input gotten: Rfid(facilityCode=15, cardNumber=11135)
2020-10-02 11:20:31,106 ERROR [main] a.c.t.a.AlcoMeasure [application.kt:32] An unexpected error occurred:
com.microsoft.sqlserver.jdbc.SQLServerException: The TCP/IP connection to the host 192.168.14.230, port 1433 has failed. Error: "Address already in use: connect. Verify the connection properties. Make sure that an instance of SQL Server is running on the host and accepting TCP/IP connections at the port. Make sure that TCP connections to the port are not blocked by a firewall.".
	at com.microsoft.sqlserver.jdbc.SQLServerException.makeFromDriverError(SQLServerException.java:234)
	at com.microsoft.sqlserver.jdbc.SQLServerException.ConvertConnectExceptionToSQLServerException(SQLServerException.java:285)
	at com.microsoft.sqlserver.jdbc.SocketFinder.findSocket(IOBuffer.java:2431)
	at com.microsoft.sqlserver.jdbc.TDSChannel.open(IOBuffer.java:656)
	at com.microsoft.sqlserver.jdbc.SQLServerConnection.connectHelper(SQLServerConnection.java:2472)
	at com.microsoft.sqlserver.jdbc.SQLServerConnection.login(SQLServerConnection.java:2142)
	at com.microsoft.sqlserver.jdbc.SQLServerConnection.connectInternal(SQLServerConnection.java:1993)
	at com.microsoft.sqlserver.jdbc.SQLServerConnection.connect(SQLServerConnection.java:1164)
	at com.microsoft.sqlserver.jdbc.SQLServerDriver.connect(SQLServerDriver.java:760)
	at java.sql/java.sql.DriverManager.getConnection(DriverManager.java:677)
	at java.sql/java.sql.DriverManager.getConnection(DriverManager.java:251)
	at au.com.touchsafe.alcomeasure.ApplicationKt.main(application.kt:15)
	at au.com.touchsafe.alcomeasure.ApplicationKt.main(application.kt)
2020-10-02 11:20:31,709 INFO [main] a.c.t.a.AlcoMeasure [Input.kt:28] Input gotten: Rfid(facilityCode=15, cardNumber=11135)
2020-10-02 11:20:46,240 ERROR [main] a.c.t.a.AlcoMeasure [application.kt:32] An unexpected error occurred:
com.microsoft.sqlserver.jdbc.SQLServerException: The TCP/IP connection to the host 192.168.14.230, port 1433 has failed. Error: "Address already in use: connect. Verify the connection properties. Make sure that an instance of SQL Server is running on the host and accepting TCP/IP connections at the port. Make sure that TCP connections to the port are not blocked by a firewall.".
	at com.microsoft.sqlserver.jdbc.SQLServerException.makeFromDriverError(SQLServerException.java:234)
	at com.microsoft.sqlserver.jdbc.SQLServerException.ConvertConnectExceptionToSQLServerException(SQLServerException.java:285)
	at com.microsoft.sqlserver.jdbc.SocketFinder.findSocket(IOBuffer.java:2431)
	at com.microsoft.sqlserver.jdbc.TDSChannel.open(IOBuffer.java:656)
	at com.microsoft.sqlserver.jdbc.SQLServerConnection.connectHelper(SQLServerConnection.java:2472)
	at com.microsoft.sqlserver.jdbc.SQLServerConnection.login(SQLServerConnection.java:2142)
	at com.microsoft.sqlserver.jdbc.SQLServerConnection.connectInternal(SQLServerConnection.java:1993)
	at com.microsoft.sqlserver.jdbc.SQLServerConnection.connect(SQLServerConnection.java:1164)
	at com.microsoft.sqlserver.jdbc.SQLServerDriver.connect(SQLServerDriver.java:760)
	at java.sql/java.sql.DriverManager.getConnection(DriverManager.java:677)
	at java.sql/java.sql.DriverManager.getConnection(DriverManager.java:251)
	at au.com.touchsafe.alcomeasure.ApplicationKt.main(application.kt:15)
	at au.com.touchsafe.alcomeasure.ApplicationKt.main(application.kt)
2020-10-02 11:23:46,975 INFO [main] a.c.t.a.AlcoMeasure [application.kt:8] TouchSafe 2 AlcoMeasure Integration: STARTED
2020-10-02 11:23:47,607 INFO [main] a.c.t.a.AlcoMeasure [application.kt:9] Connected keyboards: [65597:\\?\HID#VID_076B&PID_5428&MI_00#7&2f84c138&0&0000#{884b96c3-56ef-11d1-bc8c-00a0c91405dd}]
2020-10-02 11:25:17,783 INFO [main] a.c.t.a.AlcoMeasure [Input.kt:28] Input gotten: Rfid(facilityCode=15, cardNumber=1776)
2020-10-02 11:25:47,051 INFO [main] a.c.t.a.AlcoMeasure [AlcoMeasure.kt:96] Result retrieved: Result(value=0.0, photo1Uri=null, photo2Uri=null, photo3Uri=null)
2020-10-02 14:29:37,479 INFO [main] a.c.t.a.AlcoMeasure [Input.kt:28] Input gotten: Rfid(facilityCode=15, cardNumber=8737)
2020-10-02 14:29:49,299 INFO [main] a.c.t.a.AlcoMeasure [AlcoMeasure.kt:96] Result retrieved: Result(value=0.0, photo1Uri=null, photo2Uri=null, photo3Uri=null)
2020-10-02 21:34:08,792 INFO [main] a.c.t.a.AlcoMeasure [Input.kt:28] Input gotten: Rfid(facilityCode=15, cardNumber=10661)
2020-10-02 21:34:26,714 INFO [main] a.c.t.a.AlcoMeasure [AlcoMeasure.kt:96] Result retrieved: Result(value=0.0, photo1Uri=null, photo2Uri=null, photo3Uri=null)
