2020-06-16 14:26:14,779 INFO [main] a.c.t.a.AlcoMeasure [application.kt:8] TouchSafe 2 AlcoMeasure Integration: STARTED
2020-06-16 14:26:15,479 INFO [main] a.c.t.a.AlcoMeasure [application.kt:9] Connected keyboards: [65601:\\?\HID#IrDeviceV2&Col05#2&2818a073&0&0004#{884b96c3-56ef-11d1-bc8c-00a0c91405dd}] [65603:\\?\HID#IrDeviceV2&Col06#2&2818a073&0&0005#{884b96c3-56ef-11d1-bc8c-00a0c91405dd}] [65605:\\?\HID#IrDeviceV2&Col07#2&2818a073&0&0006#{884b96c3-56ef-11d1-bc8c-00a0c91405dd}] [65607:\\?\HID#VID_046D&PID_C313&MI_00#7&202dcdb4&0&0000#{884b96c3-56ef-11d1-bc8c-00a0c91405dd}]
2020-06-16 14:30:42,364 INFO [main] a.c.t.a.AlcoMeasure [application.kt:8] TouchSafe 2 AlcoMeasure Integration: STARTED
2020-06-16 14:30:43,133 INFO [main] a.c.t.a.AlcoMeasure [application.kt:9] Connected keyboards: [65601:\\?\HID#IrDeviceV2&Col05#2&2818a073&0&0004#{884b96c3-56ef-11d1-bc8c-00a0c91405dd}] [65603:\\?\HID#IrDeviceV2&Col06#2&2818a073&0&0005#{884b96c3-56ef-11d1-bc8c-00a0c91405dd}] [65605:\\?\HID#IrDeviceV2&Col07#2&2818a073&0&0006#{884b96c3-56ef-11d1-bc8c-00a0c91405dd}] [65607:\\?\HID#VID_046D&PID_C313&MI_00#7&202dcdb4&0&0000#{884b96c3-56ef-11d1-bc8c-00a0c91405dd}] [1573253:\\?\HID#VID_076B&PID_5428&MI_00#7&1ac5f9dd&0&0000#{884b96c3-56ef-11d1-bc8c-00a0c91405dd}]
2020-06-16 14:30:45,814 INFO [main] a.c.t.a.AlcoMeasure [Input.kt:28] Input gotten: Rfid(facilityCode=15, cardNumber=26)
2020-06-16 14:31:14,565 INFO [main] a.c.t.a.AlcoMeasure [AlcoMeasure.kt:95] Result retrieved: Result(value=0.0, photo1Uri=null, photo2Uri=null, photo3Uri=null)
2020-06-16 14:31:42,439 INFO [main] a.c.t.a.AlcoMeasure [Input.kt:28] Input gotten: Rfid(facilityCode=15, cardNumber=26)
2020-06-16 14:32:03,812 INFO [main] a.c.t.a.AlcoMeasure [AlcoMeasure.kt:95] Result retrieved: Result(value=0.0, photo1Uri=null, photo2Uri=null, photo3Uri=null)
2020-06-16 14:36:33,341 ERROR [main] a.c.t.a.AlcoMeasure [application.kt:32] An unexpected error occurred:
java.lang.NumberFormatException: For input string: "e15"
	at java.base/java.lang.NumberFormatException.forInputString(NumberFormatException.java:65)
	at java.base/java.lang.Integer.parseInt(Integer.java:652)
	at java.base/java.lang.Integer.parseInt(Integer.java:770)
	at au.com.touchsafe.alcomeasure.Input.getId(Input.kt:27)
	at au.com.touchsafe.alcomeasure.ApplicationKt.main(application.kt:14)
	at au.com.touchsafe.alcomeasure.ApplicationKt.main(application.kt)
2020-06-16 14:36:46,810 INFO [main] a.c.t.a.AlcoMeasure [Input.kt:28] Input gotten: Rfid(facilityCode=15, cardNumber=3420)
2020-06-16 14:37:01,731 INFO [main] a.c.t.a.AlcoMeasure [AlcoMeasure.kt:95] Result retrieved: Result(value=0.0, photo1Uri=null, photo2Uri=null, photo3Uri=null)
2020-06-16 14:37:53,789 INFO [main] a.c.t.a.AlcoMeasure [Input.kt:28] Input gotten: Rfid(facilityCode=15, cardNumber=3461)
2020-06-16 14:38:10,687 INFO [main] a.c.t.a.AlcoMeasure [AlcoMeasure.kt:95] Result retrieved: Result(value=0.0, photo1Uri=null, photo2Uri=null, photo3Uri=null)
2020-06-16 17:08:51,746 INFO [main] a.c.t.a.AlcoMeasure [application.kt:8] TouchSafe 2 AlcoMeasure Integration: STARTED
2020-06-16 17:08:52,823 INFO [main] a.c.t.a.AlcoMeasure [application.kt:9] Connected keyboards: [65606:\\?\HID#IrDeviceV2&Col05#2&2818a073&0&0004#{884b96c3-56ef-11d1-bc8c-00a0c91405dd}] [65608:\\?\HID#IrDeviceV2&Col06#2&2818a073&0&0005#{884b96c3-56ef-11d1-bc8c-00a0c91405dd}] [65610:\\?\HID#IrDeviceV2&Col07#2&2818a073&0&0006#{884b96c3-56ef-11d1-bc8c-00a0c91405dd}] [65612:\\?\HID#VID_046D&PID_C313&MI_00#7&202dcdb4&0&0000#{884b96c3-56ef-11d1-bc8c-00a0c91405dd}]
2020-06-16 17:10:10,175 INFO [main] a.c.t.a.AlcoMeasure [Input.kt:28] Input gotten: Rfid(facilityCode=15, cardNumber=26)
2020-06-16 17:10:29,227 ERROR [main] a.c.t.a.AlcoMeasure [application.kt:32] An unexpected error occurred:
java.net.http.HttpConnectTimeoutException: HTTP connect timed out
	at java.net.http/jdk.internal.net.http.HttpClientImpl.send(HttpClientImpl.java:555)
	at java.net.http/jdk.internal.net.http.HttpClientFacade.send(HttpClientFacade.java:119)
	at au.com.touchsafe.alcomeasure.AlcoMeasure.performTest(AlcoMeasure.kt:47)
	at au.com.touchsafe.alcomeasure.ApplicationKt.main(application.kt:24)
	at au.com.touchsafe.alcomeasure.ApplicationKt.main(application.kt)
Caused by: java.net.http.HttpConnectTimeoutException: HTTP connect timed out
	at java.net.http/jdk.internal.net.http.MultiExchange.toTimeoutException(MultiExchange.java:462)
	at java.net.http/jdk.internal.net.http.MultiExchange.getExceptionalCF(MultiExchange.java:412)
	at java.net.http/jdk.internal.net.http.MultiExchange.lambda$responseAsyncImpl$7(MultiExchange.java:339)
	at java.base/java.util.concurrent.CompletableFuture.uniHandle(CompletableFuture.java:930)
	at java.base/java.util.concurrent.CompletableFuture$UniHandle.tryFire(CompletableFuture.java:907)
	at java.base/java.util.concurrent.CompletableFuture.postComplete(CompletableFuture.java:506)
	at java.base/java.util.concurrent.CompletableFuture.completeExceptionally(CompletableFuture.java:2088)
	at java.net.http/jdk.internal.net.http.Http1Exchange.lambda$cancelImpl$9(Http1Exchange.java:473)
	at java.base/java.util.concurrent.ThreadPoolExecutor.runWorker(ThreadPoolExecutor.java:1128)
	at java.base/java.util.concurrent.ThreadPoolExecutor$Worker.run(ThreadPoolExecutor.java:628)
	at java.base/java.lang.Thread.run(Thread.java:834)
Caused by: java.net.ConnectException: HTTP connect timed out
	at java.net.http/jdk.internal.net.http.MultiExchange.toTimeoutException(MultiExchange.java:463)
	... 10 common frames omitted
2020-06-16 17:10:33,739 INFO [main] a.c.t.a.AlcoMeasure [Input.kt:28] Input gotten: Rfid(facilityCode=15, cardNumber=26)
2020-06-16 17:10:49,850 ERROR [main] a.c.t.a.AlcoMeasure [application.kt:32] An unexpected error occurred:
java.net.http.HttpConnectTimeoutException: HTTP connect timed out
	at java.net.http/jdk.internal.net.http.HttpClientImpl.send(HttpClientImpl.java:555)
	at java.net.http/jdk.internal.net.http.HttpClientFacade.send(HttpClientFacade.java:119)
	at au.com.touchsafe.alcomeasure.AlcoMeasure.performTest(AlcoMeasure.kt:47)
	at au.com.touchsafe.alcomeasure.ApplicationKt.main(application.kt:24)
	at au.com.touchsafe.alcomeasure.ApplicationKt.main(application.kt)
Caused by: java.net.http.HttpConnectTimeoutException: HTTP connect timed out
	at java.net.http/jdk.internal.net.http.MultiExchange.toTimeoutException(MultiExchange.java:462)
	at java.net.http/jdk.internal.net.http.MultiExchange.getExceptionalCF(MultiExchange.java:412)
	at java.net.http/jdk.internal.net.http.MultiExchange.lambda$responseAsyncImpl$7(MultiExchange.java:339)
	at java.base/java.util.concurrent.CompletableFuture.uniHandle(CompletableFuture.java:930)
	at java.base/java.util.concurrent.CompletableFuture$UniHandle.tryFire(CompletableFuture.java:907)
	at java.base/java.util.concurrent.CompletableFuture.postComplete(CompletableFuture.java:506)
	at java.base/java.util.concurrent.CompletableFuture.completeExceptionally(CompletableFuture.java:2088)
	at java.net.http/jdk.internal.net.http.Http1Exchange.lambda$cancelImpl$9(Http1Exchange.java:473)
	at java.base/java.util.concurrent.ThreadPoolExecutor.runWorker(ThreadPoolExecutor.java:1128)
	at java.base/java.util.concurrent.ThreadPoolExecutor$Worker.run(ThreadPoolExecutor.java:628)
	at java.base/java.lang.Thread.run(Thread.java:834)
Caused by: java.net.ConnectException: HTTP connect timed out
	at java.net.http/jdk.internal.net.http.MultiExchange.toTimeoutException(MultiExchange.java:463)
	... 10 common frames omitted
