2020-07-18 06:05:42,821 INFO [main] a.c.t.a.AlcoMeasure [Input.kt:28] Input gotten: Rfid(facilityCode=15, cardNumber=10129)
2020-07-18 06:05:58,149 ERROR [main] a.c.t.a.AlcoMeasure [application.kt:32] An unexpected error occurred:
com.microsoft.sqlserver.jdbc.SQLServerException: The TCP/IP connection to the host 192.168.0.15, port 1433 has failed. Error: "connect timed out. Verify the connection properties. Make sure that an instance of SQL Server is running on the host and accepting TCP/IP connections at the port. Make sure that TCP connections to the port are not blocked by a firewall.".
	at com.microsoft.sqlserver.jdbc.SQLServerException.makeFromDriverError(SQLServerException.java:234)
	at com.microsoft.sqlserver.jdbc.SQLServerException.ConvertConnectExceptionToSQLServerException(SQLServerException.java:285)
	at com.microsoft.sqlserver.jdbc.SocketFinder.findSocket(IOBuffer.java:2431)
	at com.microsoft.sqlserver.jdbc.TDSChannel.open(IOBuffer.java:656)
	at com.microsoft.sqlserver.jdbc.SQLServerConnection.connectHelper(SQLServerConnection.java:2472)
	at com.microsoft.sqlserver.jdbc.SQLServerConnection.login(SQLServerConnection.java:2142)
	at com.microsoft.sqlserver.jdbc.SQLServerConnection.connectInternal(SQLServerConnection.java:1993)
	at com.microsoft.sqlserver.jdbc.SQLServerConnection.connect(SQLServerConnection.java:1164)
	at com.microsoft.sqlserver.jdbc.SQLServerDriver.connect(SQLServerDriver.java:760)
	at java.sql/java.sql.DriverManager.getConnection(DriverManager.java:677)
	at java.sql/java.sql.DriverManager.getConnection(DriverManager.java:251)
	at au.com.touchsafe.alcomeasure.ApplicationKt.main(application.kt:15)
	at au.com.touchsafe.alcomeasure.ApplicationKt.main(application.kt)
2020-07-18 06:06:02,866 INFO [main] a.c.t.a.AlcoMeasure [Input.kt:28] Input gotten: Rfid(facilityCode=15, cardNumber=10129)
2020-07-18 06:06:17,873 ERROR [main] a.c.t.a.AlcoMeasure [application.kt:32] An unexpected error occurred:
com.microsoft.sqlserver.jdbc.SQLServerException: The TCP/IP connection to the host 192.168.0.15, port 1433 has failed. Error: "connect timed out. Verify the connection properties. Make sure that an instance of SQL Server is running on the host and accepting TCP/IP connections at the port. Make sure that TCP connections to the port are not blocked by a firewall.".
	at com.microsoft.sqlserver.jdbc.SQLServerException.makeFromDriverError(SQLServerException.java:234)
	at com.microsoft.sqlserver.jdbc.SQLServerException.ConvertConnectExceptionToSQLServerException(SQLServerException.java:285)
	at com.microsoft.sqlserver.jdbc.SocketFinder.findSocket(IOBuffer.java:2431)
	at com.microsoft.sqlserver.jdbc.TDSChannel.open(IOBuffer.java:656)
	at com.microsoft.sqlserver.jdbc.SQLServerConnection.connectHelper(SQLServerConnection.java:2472)
	at com.microsoft.sqlserver.jdbc.SQLServerConnection.login(SQLServerConnection.java:2142)
	at com.microsoft.sqlserver.jdbc.SQLServerConnection.connectInternal(SQLServerConnection.java:1993)
	at com.microsoft.sqlserver.jdbc.SQLServerConnection.connect(SQLServerConnection.java:1164)
	at com.microsoft.sqlserver.jdbc.SQLServerDriver.connect(SQLServerDriver.java:760)
	at java.sql/java.sql.DriverManager.getConnection(DriverManager.java:677)
	at java.sql/java.sql.DriverManager.getConnection(DriverManager.java:251)
	at au.com.touchsafe.alcomeasure.ApplicationKt.main(application.kt:15)
	at au.com.touchsafe.alcomeasure.ApplicationKt.main(application.kt)
2020-07-18 11:42:32,813 INFO [main] a.c.t.a.AlcoMeasure [application.kt:8] TouchSafe 2 AlcoMeasure Integration: STARTED
2020-07-18 11:42:33,365 INFO [main] a.c.t.a.AlcoMeasure [application.kt:9] Connected keyboards: [65597:\\?\HID#VID_076B&PID_5428&MI_00#7&2f84c138&0&0000#{884b96c3-56ef-11d1-bc8c-00a0c91405dd}]
2020-07-18 11:45:02,625 INFO [main] a.c.t.a.AlcoMeasure [application.kt:8] TouchSafe 2 AlcoMeasure Integration: STARTED
2020-07-18 11:45:03,198 INFO [main] a.c.t.a.AlcoMeasure [application.kt:9] Connected keyboards: [65597:\\?\HID#VID_076B&PID_5428&MI_00#7&2f84c138&0&0000#{884b96c3-56ef-11d1-bc8c-00a0c91405dd}]
2020-07-18 11:54:10,363 INFO [main] a.c.t.a.AlcoMeasure [application.kt:8] TouchSafe 2 AlcoMeasure Integration: STARTED
2020-07-18 11:54:10,895 INFO [main] a.c.t.a.AlcoMeasure [application.kt:9] Connected keyboards: [65597:\\?\HID#VID_076B&PID_5428&MI_00#7&2f84c138&0&0000#{884b96c3-56ef-11d1-bc8c-00a0c91405dd}]
2020-07-18 21:16:07,968 INFO [main] a.c.t.a.AlcoMeasure [application.kt:8] TouchSafe 2 AlcoMeasure Integration: STARTED
2020-07-18 21:16:08,501 INFO [main] a.c.t.a.AlcoMeasure [application.kt:9] Connected keyboards: [65597:\\?\HID#VID_076B&PID_5428&MI_00#7&2f84c138&0&0000#{884b96c3-56ef-11d1-bc8c-00a0c91405dd}]
